


ARM Macro Assembler    Page 1 


    1 00000000         ;/******************************************************
                       ********************//**
    2 00000000         ; * @file     startup_LPC17xx.s
    3 00000000         ; * @brief    CMSIS Cortex-M3 Core Device Startup File f
                       or
    4 00000000         ; *           NXP LPC17xx Device Series
    5 00000000         ; * @version  V1.10
    6 00000000         ; * @date     06. April 2011
    7 00000000         ; *
    8 00000000         ; * @note
    9 00000000         ; * Copyright (C) 2009-2011 ARM Limited. All rights rese
                       rved.
   10 00000000         ; *
   11 00000000         ; * @par
   12 00000000         ; * ARM Limited (ARM) is supplying this software for use
                        with Cortex-M
   13 00000000         ; * processor based microcontrollers.  This file can be 
                       freely distributed
   14 00000000         ; * within development tools that are supporting such AR
                       M based processors.
   15 00000000         ; *
   16 00000000         ; * @par
   17 00000000         ; * THIS SOFTWARE IS PROVIDED "AS IS".  NO WARRANTIES, W
                       HETHER EXPRESS, IMPLIED
   18 00000000         ; * OR STATUTORY, INCLUDING, BUT NOT LIMITED TO, IMPLIED
                        WARRANTIES OF
   19 00000000         ; * MERCHANTABILITY AND FITNESS FOR A PARTICULAR PURPOSE
                        APPLY TO THIS SOFTWARE.
   20 00000000         ; * ARM SHALL NOT, IN ANY CIRCUMSTANCES, BE LIABLE FOR S
                       PECIAL, INCIDENTAL, OR
   21 00000000         ; * CONSEQUENTIAL DAMAGES, FOR ANY REASON WHATSOEVER.
   22 00000000         ; *
   23 00000000         ; ******************************************************
                       ************************/
   24 00000000         
   25 00000000         ; *------- <<< Use Configuration Wizard in Context Menu 
                       >>> ------------------
   26 00000000         
   27 00000000         ; <h> Stack Configuration
   28 00000000         ;   <o> Stack Size (in Bytes) <0x0-0xFFFFFFFF:8>
   29 00000000         ; </h>
   30 00000000         
   31 00000000 00000200 
                       Stack_Size
                               EQU              0x00000200
   32 00000000         
   33 00000000                 AREA             STACK, NOINIT, READWRITE, ALIGN
=3
   34 00000000         Stack_Mem
                               SPACE            Stack_Size
   35 00000200         __initial_sp
   36 00000200         
   37 00000200         
   38 00000200         ; <h> Heap Configuration
   39 00000200         ;   <o>  Heap Size (in Bytes) <0x0-0xFFFFFFFF:8>
   40 00000200         ; </h>
   41 00000200         
   42 00000200 00000200 
                       Heap_Size



ARM Macro Assembler    Page 2 


                               EQU              0x00000200
   43 00000200         
   44 00000200                 AREA             HEAP, NOINIT, READWRITE, ALIGN=
3 
                                                            ; 2*3
   45 00000000         __heap_base
   46 00000000         Heap_Mem
                               SPACE            Heap_Size
   47 00000200         __heap_limit
   48 00000200         
   49 00000200         
   50 00000200                 PRESERVE8
   51 00000200                 THUMB
   52 00000200         
   53 00000200         
   54 00000200         ; Vector Table Mapped to Address 0 at Reset
   55 00000200         
   56 00000200                 AREA             RESET, DATA, READONLY
   57 00000000                 EXPORT           __Vectors
   58 00000000         
   59 00000000 00000000 
                       __Vectors
                               DCD              __initial_sp ; Top of Stack
   60 00000004 00000000        DCD              Reset_Handler ; Reset Handler
   61 00000008 00000000        DCD              NMI_Handler ; NMI Handler
   62 0000000C 00000000        DCD              HardFault_Handler ; Hard Fault 
                                                            Handler
   63 00000010 00000000        DCD              MemManage_Handler 
                                                            ; MPU Fault Handler
                                                            
   64 00000014 00000000        DCD              BusFault_Handler 
                                                            ; Bus Fault Handler
                                                            
   65 00000018 00000000        DCD              UsageFault_Handler ; Usage Faul
                                                            t Handler
   66 0000001C 00000000        DCD              0           ; Reserved
   67 00000020 00000000        DCD              0           ; Reserved
   68 00000024 00000000        DCD              0           ; Reserved
   69 00000028 00000000        DCD              0           ; Reserved
   70 0000002C 00000000        DCD              SVC_Handler ; SVCall Handler
   71 00000030 00000000        DCD              DebugMon_Handler ; Debug Monito
                                                            r Handler
   72 00000034 00000000        DCD              0           ; Reserved
   73 00000038 00000000        DCD              PendSV_Handler ; PendSV Handler
                                                            
   74 0000003C 00000000        DCD              SysTick_Handler 
                                                            ; SysTick Handler
   75 00000040         
   76 00000040         ; External Interrupts
   77 00000040 00000000        DCD              WDT_IRQHandler ; 16: Watchdog T
                                                            imer
   78 00000044 00000000        DCD              TIMER0_IRQHandler ; 17: Timer0
   79 00000048 00000000        DCD              TIMER1_IRQHandler ; 18: Timer1
   80 0000004C 00000000        DCD              TIMER2_IRQHandler ; 19: Timer2
   81 00000050 00000000        DCD              TIMER3_IRQHandler ; 20: Timer3
   82 00000054 00000000        DCD              UART0_IRQHandler ; 21: UART0
   83 00000058 00000000        DCD              UART1_IRQHandler ; 22: UART1
   84 0000005C 00000000        DCD              UART2_IRQHandler ; 23: UART2
   85 00000060 00000000        DCD              UART3_IRQHandler ; 24: UART3



ARM Macro Assembler    Page 3 


   86 00000064 00000000        DCD              PWM1_IRQHandler ; 25: PWM1
   87 00000068 00000000        DCD              I2C0_IRQHandler ; 26: I2C0
   88 0000006C 00000000        DCD              I2C1_IRQHandler ; 27: I2C1
   89 00000070 00000000        DCD              I2C2_IRQHandler ; 28: I2C2
   90 00000074 00000000        DCD              SPI_IRQHandler ; 29: SPI
   91 00000078 00000000        DCD              SSP0_IRQHandler ; 30: SSP0
   92 0000007C 00000000        DCD              SSP1_IRQHandler ; 31: SSP1
   93 00000080 00000000        DCD              PLL0_IRQHandler ; 32: PLL0 Lock
                                                             (Main PLL)
   94 00000084 00000000        DCD              RTC_IRQHandler ; 33: Real Time 
                                                            Clock
   95 00000088 00000000        DCD              EINT0_IRQHandler ; 34: External
                                                             Interrupt 0
   96 0000008C 00000000        DCD              EINT1_IRQHandler ; 35: External
                                                             Interrupt 1
   97 00000090 00000000        DCD              EINT2_IRQHandler ; 36: External
                                                             Interrupt 2
   98 00000094 00000000        DCD              EINT3_IRQHandler ; 37: External
                                                             Interrupt 3
   99 00000098 00000000        DCD              ADC_IRQHandler 
                                                            ; 38: A/D Converter
                                                            
  100 0000009C 00000000        DCD              BOD_IRQHandler ; 39: Brown-Out 
                                                            Detect
  101 000000A0 00000000        DCD              USB_IRQHandler ; 40: USB
  102 000000A4 00000000        DCD              CAN_IRQHandler ; 41: CAN
  103 000000A8 00000000        DCD              DMA_IRQHandler ; 42: General Pu
                                                            rpose DMA
  104 000000AC 00000000        DCD              I2S_IRQHandler ; 43: I2S
  105 000000B0 00000000        DCD              ENET_IRQHandler ; 44: Ethernet
  106 000000B4 00000000        DCD              RIT_IRQHandler ; 45: Repetitive
                                                             Interrupt Timer
  107 000000B8 00000000        DCD              MCPWM_IRQHandler ; 46: Motor Co
                                                            ntrol PWM
  108 000000BC 00000000        DCD              QEI_IRQHandler ; 47: Quadrature
                                                             Encoder Interface
  109 000000C0 00000000        DCD              PLL1_IRQHandler ; 48: PLL1 Lock
                                                             (USB PLL)
  110 000000C4 00000000        DCD              USBActivity_IRQHandler ; 49: US
                                                            B Activity interrup
                                                            t to wakeup
  111 000000C8 00000000        DCD              CANActivity_IRQHandler ; 50: CA
                                                            N Activity interrup
                                                            t to wakeup
  112 000000CC         
  113 000000CC         
  114 000000CC                 IF               :LNOT::DEF:NO_CRP
  115 000000CC                 AREA             |.ARM.__at_0x02FC|, CODE, READO
NLY
  116 00000000 FFFFFFFF 
                       CRP_Key DCD              0xFFFFFFFF
  117 00000004                 ENDIF
  118 00000004         
  119 00000004         
  120 00000004        2 
                       var     RN               2
  121 00000004         
  122 00000004                 AREA             |.text|, CODE, READONLY
  123 00000000         ; Reset Handler



ARM Macro Assembler    Page 4 


  124 00000000         
  125 00000000         Reset_Handler
                               PROC
  126 00000000                 EXPORT           Reset_Handler             [WEAK
]
  127 00000000         
  128 00000000 F44F 71FA       MOV              R1, #500
  129 00000004 F04F 020A       MOV              R2, #10
  130 00000008 F04F 0305       MOV              R3, #5
  131 0000000C         
  132 0000000C         ;COUNT THE TRAILING ZEROS
  133 0000000C FA91 F1A1       RBIT             R1, R1
  134 00000010 FAB1 F481       CLZ              R4, R1
  135 00000014         
  136 00000014 F014 0F01       TST              R4, #1
  137 00000018         ;ODD
  138 00000018 BF14 18D4       ADDNE            R4, R2, R3
  139 0000001C         ;EVEN
  140 0000001C 1AD4            SUBEQ            R4, R2, R3
  141 0000001E         
  142 0000001E         
  143 0000001E F04F 10FF       MOV              r0, #16711935
  144 00000022 F04F 30A5       MOV              r0, #0xA5A5A5A5
  145 00000026         
  146 00000026 18D1            ADDS             R1, var, R3
  147 00000028 BF6C 1B0B       SUBVS            R3, R1, r4
  148 0000002C 1A63            SUBVC            R3, R4, r1
  149 0000002E FAB4 F384       CLZ              r3,r4
  150 00000032 4807            LDR              R0, =stop
  151 00000034         
  152 00000034 4700    stop    BX               R0
  153 00000036                 ENDP
  154 00000036         
  155 00000036         
  156 00000036         ; Dummy Exception Handlers (infinite loops which can be 
                       modified)
  157 00000036         
  158 00000036         NMI_Handler
                               PROC
  159 00000036                 EXPORT           NMI_Handler               [WEAK
]
  160 00000036 E7FE            B                .
  161 00000038                 ENDP
  163 00000038         HardFault_Handler
                               PROC
  164 00000038                 EXPORT           HardFault_Handler         [WEAK
]
  165 00000038         ; your code
  166 00000038 F040 0001       orr              r0,r0,#1
  167 0000003C 4700            BX               r0
  168 0000003E                 ENDP
  170 0000003E         MemManage_Handler
                               PROC
  171 0000003E                 EXPORT           MemManage_Handler         [WEAK
]
  172 0000003E E7FE            B                .
  173 00000040                 ENDP
  175 00000040         BusFault_Handler
                               PROC



ARM Macro Assembler    Page 5 


  176 00000040                 EXPORT           BusFault_Handler          [WEAK
]
  177 00000040 E7FE            B                .
  178 00000042                 ENDP
  180 00000042         UsageFault_Handler
                               PROC
  181 00000042                 EXPORT           UsageFault_Handler        [WEAK
]
  182 00000042 E7FE            B                .
  183 00000044                 ENDP
  184 00000044         SVC_Handler
                               PROC
  185 00000044                 EXPORT           SVC_Handler               [WEAK
]
  186 00000044 E7FE            B                .
  187 00000046                 ENDP
  189 00000046         DebugMon_Handler
                               PROC
  190 00000046                 EXPORT           DebugMon_Handler          [WEAK
]
  191 00000046 E7FE            B                .
  192 00000048                 ENDP
  193 00000048         PendSV_Handler
                               PROC
  194 00000048                 EXPORT           PendSV_Handler            [WEAK
]
  195 00000048 E7FE            B                .
  196 0000004A                 ENDP
  197 0000004A         SysTick_Handler
                               PROC
  198 0000004A                 EXPORT           SysTick_Handler           [WEAK
]
  199 0000004A E7FE            B                .
  200 0000004C                 ENDP
  201 0000004C         
  202 0000004C         Default_Handler
                               PROC
  203 0000004C         
  204 0000004C                 EXPORT           WDT_IRQHandler            [WEAK
]
  205 0000004C                 EXPORT           TIMER0_IRQHandler         [WEAK
]
  206 0000004C                 EXPORT           TIMER1_IRQHandler         [WEAK
]
  207 0000004C                 EXPORT           TIMER2_IRQHandler         [WEAK
]
  208 0000004C                 EXPORT           TIMER3_IRQHandler         [WEAK
]
  209 0000004C                 EXPORT           UART0_IRQHandler          [WEAK
]
  210 0000004C                 EXPORT           UART1_IRQHandler          [WEAK
]
  211 0000004C                 EXPORT           UART2_IRQHandler          [WEAK
]
  212 0000004C                 EXPORT           UART3_IRQHandler          [WEAK
]
  213 0000004C                 EXPORT           PWM1_IRQHandler           [WEAK
]
  214 0000004C                 EXPORT           I2C0_IRQHandler           [WEAK



ARM Macro Assembler    Page 6 


]
  215 0000004C                 EXPORT           I2C1_IRQHandler           [WEAK
]
  216 0000004C                 EXPORT           I2C2_IRQHandler           [WEAK
]
  217 0000004C                 EXPORT           SPI_IRQHandler            [WEAK
]
  218 0000004C                 EXPORT           SSP0_IRQHandler           [WEAK
]
  219 0000004C                 EXPORT           SSP1_IRQHandler           [WEAK
]
  220 0000004C                 EXPORT           PLL0_IRQHandler           [WEAK
]
  221 0000004C                 EXPORT           RTC_IRQHandler            [WEAK
]
  222 0000004C                 EXPORT           EINT0_IRQHandler          [WEAK
]
  223 0000004C                 EXPORT           EINT1_IRQHandler          [WEAK
]
  224 0000004C                 EXPORT           EINT2_IRQHandler          [WEAK
]
  225 0000004C                 EXPORT           EINT3_IRQHandler          [WEAK
]
  226 0000004C                 EXPORT           ADC_IRQHandler            [WEAK
]
  227 0000004C                 EXPORT           BOD_IRQHandler            [WEAK
]
  228 0000004C                 EXPORT           USB_IRQHandler            [WEAK
]
  229 0000004C                 EXPORT           CAN_IRQHandler            [WEAK
]
  230 0000004C                 EXPORT           DMA_IRQHandler            [WEAK
]
  231 0000004C                 EXPORT           I2S_IRQHandler            [WEAK
]
  232 0000004C                 EXPORT           ENET_IRQHandler           [WEAK
]
  233 0000004C                 EXPORT           RIT_IRQHandler            [WEAK
]
  234 0000004C                 EXPORT           MCPWM_IRQHandler          [WEAK
]
  235 0000004C                 EXPORT           QEI_IRQHandler            [WEAK
]
  236 0000004C                 EXPORT           PLL1_IRQHandler           [WEAK
]
  237 0000004C                 EXPORT           USBActivity_IRQHandler    [WEAK
]
  238 0000004C                 EXPORT           CANActivity_IRQHandler    [WEAK
]
  239 0000004C         
  240 0000004C         WDT_IRQHandler
  241 0000004C         TIMER0_IRQHandler
  242 0000004C         TIMER1_IRQHandler
  243 0000004C         TIMER2_IRQHandler
  244 0000004C         TIMER3_IRQHandler
  245 0000004C         UART0_IRQHandler
  246 0000004C         UART1_IRQHandler
  247 0000004C         UART2_IRQHandler
  248 0000004C         UART3_IRQHandler



ARM Macro Assembler    Page 7 


  249 0000004C         PWM1_IRQHandler
  250 0000004C         I2C0_IRQHandler
  251 0000004C         I2C1_IRQHandler
  252 0000004C         I2C2_IRQHandler
  253 0000004C         SPI_IRQHandler
  254 0000004C         SSP0_IRQHandler
  255 0000004C         SSP1_IRQHandler
  256 0000004C         PLL0_IRQHandler
  257 0000004C         RTC_IRQHandler
  258 0000004C         EINT0_IRQHandler
  259 0000004C         EINT1_IRQHandler
  260 0000004C         EINT2_IRQHandler
  261 0000004C         EINT3_IRQHandler
  262 0000004C         ADC_IRQHandler
  263 0000004C         BOD_IRQHandler
  264 0000004C         USB_IRQHandler
  265 0000004C         CAN_IRQHandler
  266 0000004C         DMA_IRQHandler
  267 0000004C         I2S_IRQHandler
  268 0000004C         ENET_IRQHandler
  269 0000004C         RIT_IRQHandler
  270 0000004C         MCPWM_IRQHandler
  271 0000004C         QEI_IRQHandler
  272 0000004C         PLL1_IRQHandler
  273 0000004C         USBActivity_IRQHandler
  274 0000004C         CANActivity_IRQHandler
  275 0000004C         
  276 0000004C E7FE            B                .
  277 0000004E         
  278 0000004E                 ENDP
  279 0000004E         
  280 0000004E         
  281 0000004E 00 00           ALIGN
  282 00000050         
  283 00000050         
  284 00000050         ; User Initial Stack & Heap
  285 00000050         
  286 00000050                 EXPORT           __initial_sp
  287 00000050                 EXPORT           __heap_base
  288 00000050                 EXPORT           __heap_limit
  289 00000050         
  290 00000050                 END
              00000000 
Command Line: --debug --xref --diag_suppress=9931 --cpu=Cortex-M3 --apcs=interw
ork --depend=.\startup.d -o.\startup.o -I.\RTE\_Target_1 -IC:\Users\Lisa\AppDat
a\Local\Arm\Packs\ARM\CMSIS\5.8.0\CMSIS\Core\Include -IC:\Users\Lisa\AppData\Lo
cal\Arm\Packs\Keil\LPC1700_DFP\2.7.0\Device\Include --predefine="__EVAL SETA 1"
 --predefine="__UVISION_VERSION SETA 536" --predefine="_RTE_ SETA 1" --predefin
e="LPC175x_6x SETA 1" --predefine="_RTE_ SETA 1" --list=.\startup.lst startup.s



ARM Macro Assembler    Page 1 Alphabetic symbol ordering
Relocatable symbols

STACK 00000000

Symbol: STACK
   Definitions
      At line 33 in file startup.s
   Uses
      None
Comment: STACK unused
Stack_Mem 00000000

Symbol: Stack_Mem
   Definitions
      At line 34 in file startup.s
   Uses
      None
Comment: Stack_Mem unused
__initial_sp 00000200

Symbol: __initial_sp
   Definitions
      At line 35 in file startup.s
   Uses
      At line 59 in file startup.s
      At line 286 in file startup.s

3 symbols



ARM Macro Assembler    Page 1 Alphabetic symbol ordering
Relocatable symbols

HEAP 00000000

Symbol: HEAP
   Definitions
      At line 44 in file startup.s
   Uses
      None
Comment: HEAP unused
Heap_Mem 00000000

Symbol: Heap_Mem
   Definitions
      At line 46 in file startup.s
   Uses
      None
Comment: Heap_Mem unused
__heap_base 00000000

Symbol: __heap_base
   Definitions
      At line 45 in file startup.s
   Uses
      At line 287 in file startup.s
Comment: __heap_base used once
__heap_limit 00000200

Symbol: __heap_limit
   Definitions
      At line 47 in file startup.s
   Uses
      At line 288 in file startup.s
Comment: __heap_limit used once
4 symbols



ARM Macro Assembler    Page 1 Alphabetic symbol ordering
Relocatable symbols

RESET 00000000

Symbol: RESET
   Definitions
      At line 56 in file startup.s
   Uses
      None
Comment: RESET unused
__Vectors 00000000

Symbol: __Vectors
   Definitions
      At line 59 in file startup.s
   Uses
      At line 57 in file startup.s
Comment: __Vectors used once
2 symbols



ARM Macro Assembler    Page 1 Alphabetic symbol ordering
Relocatable symbols

.ARM.__at_0x02FC 00000000

Symbol: .ARM.__at_0x02FC
   Definitions
      At line 115 in file startup.s
   Uses
      None
Comment: .ARM.__at_0x02FC unused
CRP_Key 00000000

Symbol: CRP_Key
   Definitions
      At line 116 in file startup.s
   Uses
      None
Comment: CRP_Key unused
2 symbols



ARM Macro Assembler    Page 1 Alphabetic symbol ordering
Relocatable symbols

.text 00000000

Symbol: .text
   Definitions
      At line 122 in file startup.s
   Uses
      None
Comment: .text unused
ADC_IRQHandler 0000004C

Symbol: ADC_IRQHandler
   Definitions
      At line 262 in file startup.s
   Uses
      At line 99 in file startup.s
      At line 226 in file startup.s

BOD_IRQHandler 0000004C

Symbol: BOD_IRQHandler
   Definitions
      At line 263 in file startup.s
   Uses
      At line 100 in file startup.s
      At line 227 in file startup.s

BusFault_Handler 00000040

Symbol: BusFault_Handler
   Definitions
      At line 175 in file startup.s
   Uses
      At line 64 in file startup.s
      At line 176 in file startup.s

CANActivity_IRQHandler 0000004C

Symbol: CANActivity_IRQHandler
   Definitions
      At line 274 in file startup.s
   Uses
      At line 111 in file startup.s
      At line 238 in file startup.s

CAN_IRQHandler 0000004C

Symbol: CAN_IRQHandler
   Definitions
      At line 265 in file startup.s
   Uses
      At line 102 in file startup.s
      At line 229 in file startup.s

DMA_IRQHandler 0000004C

Symbol: DMA_IRQHandler
   Definitions
      At line 266 in file startup.s
   Uses



ARM Macro Assembler    Page 2 Alphabetic symbol ordering
Relocatable symbols

      At line 103 in file startup.s
      At line 230 in file startup.s

DebugMon_Handler 00000046

Symbol: DebugMon_Handler
   Definitions
      At line 189 in file startup.s
   Uses
      At line 71 in file startup.s
      At line 190 in file startup.s

Default_Handler 0000004C

Symbol: Default_Handler
   Definitions
      At line 202 in file startup.s
   Uses
      None
Comment: Default_Handler unused
EINT0_IRQHandler 0000004C

Symbol: EINT0_IRQHandler
   Definitions
      At line 258 in file startup.s
   Uses
      At line 95 in file startup.s
      At line 222 in file startup.s

EINT1_IRQHandler 0000004C

Symbol: EINT1_IRQHandler
   Definitions
      At line 259 in file startup.s
   Uses
      At line 96 in file startup.s
      At line 223 in file startup.s

EINT2_IRQHandler 0000004C

Symbol: EINT2_IRQHandler
   Definitions
      At line 260 in file startup.s
   Uses
      At line 97 in file startup.s
      At line 224 in file startup.s

EINT3_IRQHandler 0000004C

Symbol: EINT3_IRQHandler
   Definitions
      At line 261 in file startup.s
   Uses
      At line 98 in file startup.s
      At line 225 in file startup.s

ENET_IRQHandler 0000004C

Symbol: ENET_IRQHandler



ARM Macro Assembler    Page 3 Alphabetic symbol ordering
Relocatable symbols

   Definitions
      At line 268 in file startup.s
   Uses
      At line 105 in file startup.s
      At line 232 in file startup.s

HardFault_Handler 00000038

Symbol: HardFault_Handler
   Definitions
      At line 163 in file startup.s
   Uses
      At line 62 in file startup.s
      At line 164 in file startup.s

I2C0_IRQHandler 0000004C

Symbol: I2C0_IRQHandler
   Definitions
      At line 250 in file startup.s
   Uses
      At line 87 in file startup.s
      At line 214 in file startup.s

I2C1_IRQHandler 0000004C

Symbol: I2C1_IRQHandler
   Definitions
      At line 251 in file startup.s
   Uses
      At line 88 in file startup.s
      At line 215 in file startup.s

I2C2_IRQHandler 0000004C

Symbol: I2C2_IRQHandler
   Definitions
      At line 252 in file startup.s
   Uses
      At line 89 in file startup.s
      At line 216 in file startup.s

I2S_IRQHandler 0000004C

Symbol: I2S_IRQHandler
   Definitions
      At line 267 in file startup.s
   Uses
      At line 104 in file startup.s
      At line 231 in file startup.s

MCPWM_IRQHandler 0000004C

Symbol: MCPWM_IRQHandler
   Definitions
      At line 270 in file startup.s
   Uses
      At line 107 in file startup.s
      At line 234 in file startup.s



ARM Macro Assembler    Page 4 Alphabetic symbol ordering
Relocatable symbols


MemManage_Handler 0000003E

Symbol: MemManage_Handler
   Definitions
      At line 170 in file startup.s
   Uses
      At line 63 in file startup.s
      At line 171 in file startup.s

NMI_Handler 00000036

Symbol: NMI_Handler
   Definitions
      At line 158 in file startup.s
   Uses
      At line 61 in file startup.s
      At line 159 in file startup.s

PLL0_IRQHandler 0000004C

Symbol: PLL0_IRQHandler
   Definitions
      At line 256 in file startup.s
   Uses
      At line 93 in file startup.s
      At line 220 in file startup.s

PLL1_IRQHandler 0000004C

Symbol: PLL1_IRQHandler
   Definitions
      At line 272 in file startup.s
   Uses
      At line 109 in file startup.s
      At line 236 in file startup.s

PWM1_IRQHandler 0000004C

Symbol: PWM1_IRQHandler
   Definitions
      At line 249 in file startup.s
   Uses
      At line 86 in file startup.s
      At line 213 in file startup.s

PendSV_Handler 00000048

Symbol: PendSV_Handler
   Definitions
      At line 193 in file startup.s
   Uses
      At line 73 in file startup.s
      At line 194 in file startup.s

QEI_IRQHandler 0000004C

Symbol: QEI_IRQHandler
   Definitions



ARM Macro Assembler    Page 5 Alphabetic symbol ordering
Relocatable symbols

      At line 271 in file startup.s
   Uses
      At line 108 in file startup.s
      At line 235 in file startup.s

RIT_IRQHandler 0000004C

Symbol: RIT_IRQHandler
   Definitions
      At line 269 in file startup.s
   Uses
      At line 106 in file startup.s
      At line 233 in file startup.s

RTC_IRQHandler 0000004C

Symbol: RTC_IRQHandler
   Definitions
      At line 257 in file startup.s
   Uses
      At line 94 in file startup.s
      At line 221 in file startup.s

Reset_Handler 00000000

Symbol: Reset_Handler
   Definitions
      At line 125 in file startup.s
   Uses
      At line 60 in file startup.s
      At line 126 in file startup.s

SPI_IRQHandler 0000004C

Symbol: SPI_IRQHandler
   Definitions
      At line 253 in file startup.s
   Uses
      At line 90 in file startup.s
      At line 217 in file startup.s

SSP0_IRQHandler 0000004C

Symbol: SSP0_IRQHandler
   Definitions
      At line 254 in file startup.s
   Uses
      At line 91 in file startup.s
      At line 218 in file startup.s

SSP1_IRQHandler 0000004C

Symbol: SSP1_IRQHandler
   Definitions
      At line 255 in file startup.s
   Uses
      At line 92 in file startup.s
      At line 219 in file startup.s




ARM Macro Assembler    Page 6 Alphabetic symbol ordering
Relocatable symbols

SVC_Handler 00000044

Symbol: SVC_Handler
   Definitions
      At line 184 in file startup.s
   Uses
      At line 70 in file startup.s
      At line 185 in file startup.s

SysTick_Handler 0000004A

Symbol: SysTick_Handler
   Definitions
      At line 197 in file startup.s
   Uses
      At line 74 in file startup.s
      At line 198 in file startup.s

TIMER0_IRQHandler 0000004C

Symbol: TIMER0_IRQHandler
   Definitions
      At line 241 in file startup.s
   Uses
      At line 78 in file startup.s
      At line 205 in file startup.s

TIMER1_IRQHandler 0000004C

Symbol: TIMER1_IRQHandler
   Definitions
      At line 242 in file startup.s
   Uses
      At line 79 in file startup.s
      At line 206 in file startup.s

TIMER2_IRQHandler 0000004C

Symbol: TIMER2_IRQHandler
   Definitions
      At line 243 in file startup.s
   Uses
      At line 80 in file startup.s
      At line 207 in file startup.s

TIMER3_IRQHandler 0000004C

Symbol: TIMER3_IRQHandler
   Definitions
      At line 244 in file startup.s
   Uses
      At line 81 in file startup.s
      At line 208 in file startup.s

UART0_IRQHandler 0000004C

Symbol: UART0_IRQHandler
   Definitions
      At line 245 in file startup.s



ARM Macro Assembler    Page 7 Alphabetic symbol ordering
Relocatable symbols

   Uses
      At line 82 in file startup.s
      At line 209 in file startup.s

UART1_IRQHandler 0000004C

Symbol: UART1_IRQHandler
   Definitions
      At line 246 in file startup.s
   Uses
      At line 83 in file startup.s
      At line 210 in file startup.s

UART2_IRQHandler 0000004C

Symbol: UART2_IRQHandler
   Definitions
      At line 247 in file startup.s
   Uses
      At line 84 in file startup.s
      At line 211 in file startup.s

UART3_IRQHandler 0000004C

Symbol: UART3_IRQHandler
   Definitions
      At line 248 in file startup.s
   Uses
      At line 85 in file startup.s
      At line 212 in file startup.s

USBActivity_IRQHandler 0000004C

Symbol: USBActivity_IRQHandler
   Definitions
      At line 273 in file startup.s
   Uses
      At line 110 in file startup.s
      At line 237 in file startup.s

USB_IRQHandler 0000004C

Symbol: USB_IRQHandler
   Definitions
      At line 264 in file startup.s
   Uses
      At line 101 in file startup.s
      At line 228 in file startup.s

UsageFault_Handler 00000042

Symbol: UsageFault_Handler
   Definitions
      At line 180 in file startup.s
   Uses
      At line 65 in file startup.s
      At line 181 in file startup.s

WDT_IRQHandler 0000004C



ARM Macro Assembler    Page 8 Alphabetic symbol ordering
Relocatable symbols


Symbol: WDT_IRQHandler
   Definitions
      At line 240 in file startup.s
   Uses
      At line 77 in file startup.s
      At line 204 in file startup.s

stop 00000034

Symbol: stop
   Definitions
      At line 152 in file startup.s
   Uses
      At line 150 in file startup.s
Comment: stop used once
48 symbols



ARM Macro Assembler    Page 1 Alphabetic symbol ordering
Absolute symbols

Heap_Size 00000200

Symbol: Heap_Size
   Definitions
      At line 42 in file startup.s
   Uses
      At line 46 in file startup.s
Comment: Heap_Size used once
Stack_Size 00000200

Symbol: Stack_Size
   Definitions
      At line 31 in file startup.s
   Uses
      At line 34 in file startup.s
Comment: Stack_Size used once
2 symbols
400 symbols in table
