


ARM Macro Assembler    Page 1 


    1 00000000         ;            Computer Architectures - 02LSEOV 02LSEOQ   
                                ;
    2 00000000         ; author:   Paolo BERNARDI - Politecnico di Torino      
                            ;
    3 00000000         ; creation:  11 November 2018         ;
    4 00000000         ; last update:  1 Dicember 2020         ;
    5 00000000         ; functionalities:             ;
    6 00000000         ;  nothing but bringing to the reset handler     ;
    7 00000000         
    8 00000000         ; *------- <<< Use Configuration Wizard in Context Menu 
                       >>> ------------------
    9 00000000         
   10 00000000         ; <h> Stack Configuration
   11 00000000         ;   <o> Stack Size (in Bytes) <0x0-0xFFFFFFFF:8>
   12 00000000         ; </h>
   13 00000000         
   14 00000000 00000200 
                       Stack_Size
                               EQU              0x00000200
   15 00000000         
   16 00000000                 AREA             STACK, NOINIT, READWRITE, ALIGN
=3
   17 00000000         DestStart
                               SPACE            64
   18 00000040                 SPACE            Stack_Size-64/2
   19 00000220         Stack_Mem
                               SPACE            Stack_Size-64/2
   20 00000400         __initial_sp
   21 00000400         
   22 00000400         
   23 00000400         
   24 00000400         
   25 00000400         ; <h> Heap Configuration
   26 00000400         ;   <o>  Heap Size (in Bytes) <0x0-0xFFFFFFFF:8>
   27 00000400         ; </h>
   28 00000400         
   29 00000400 00000200 
                       Heap_Size
                               EQU              0x00000200
   30 00000400         
   31 00000400                 AREA             HEAP, NOINIT, READWRITE, ALIGN=
3
   32 00000000         __heap_base
   33 00000000         Heap_Mem
                               SPACE            Heap_Size
   34 00000200         __heap_limit
   35 00000200         
   36 00000200         
   37 00000200                 PRESERVE8
   38 00000200                 THUMB
   39 00000200         
   40 00000200         
   41 00000200         ; Vector Table Mapped to Address 0 at Reset
   42 00000200         
   43 00000200                 AREA             RESET, DATA, READONLY
   44 00000000                 EXPORT           __Vectors
   45 00000000         ; 0x10000200
   46 00000000 00000000 
                       __Vectors



ARM Macro Assembler    Page 2 


                               DCD              __initial_sp ; Top of Stack
   47 00000004 00000000        DCD              Reset_Handler ; Reset Handler
   48 00000008 00000000        DCD              NMI_Handler ; NMI Handler
   49 0000000C 00000000        DCD              HardFault_Handler ; Hard Fault 
                                                            Handler
   50 00000010 00000000        DCD              MemManage_Handler 
                                                            ; MPU Fault Handler
                                                            
   51 00000014 00000000        DCD              BusFault_Handler 
                                                            ; Bus Fault Handler
                                                            
   52 00000018 00000000        DCD              UsageFault_Handler ; Usage Faul
                                                            t Handler
   53 0000001C 00000000        DCD              0           ; Reserved
   54 00000020 00000000        DCD              0           ; Reserved
   55 00000024 00000000        DCD              0           ; Reserved
   56 00000028 00000000        DCD              0           ; Reserved
   57 0000002C 00000000        DCD              SVC_Handler ; SVCall Handler
   58 00000030 00000000        DCD              DebugMon_Handler ; Debug Monito
                                                            r Handler
   59 00000034 00000000        DCD              0           ; Reserved
   60 00000038 00000000        DCD              PendSV_Handler ; PendSV Handler
                                                            
   61 0000003C 00000000        DCD              SysTick_Handler 
                                                            ; SysTick Handler
   62 00000040         
   63 00000040         ; External Interrupts
   64 00000040 00000000        DCD              WDT_IRQHandler ; 16: Watchdog T
                                                            imer
   65 00000044 00000000        DCD              TIMER0_IRQHandler ; 17: Timer0
   66 00000048 00000000        DCD              TIMER1_IRQHandler ; 18: Timer1
   67 0000004C 00000000        DCD              TIMER2_IRQHandler ; 19: Timer2
   68 00000050 00000000        DCD              TIMER3_IRQHandler ; 20: Timer3
   69 00000054 00000000        DCD              UART0_IRQHandler ; 21: UART0
   70 00000058 00000000        DCD              UART1_IRQHandler ; 22: UART1
   71 0000005C 00000000        DCD              UART2_IRQHandler ; 23: UART2
   72 00000060 00000000        DCD              UART3_IRQHandler ; 24: UART3
   73 00000064 00000000        DCD              PWM1_IRQHandler ; 25: PWM1
   74 00000068 00000000        DCD              I2C0_IRQHandler ; 26: I2C0
   75 0000006C 00000000        DCD              I2C1_IRQHandler ; 27: I2C1
   76 00000070 00000000        DCD              I2C2_IRQHandler ; 28: I2C2
   77 00000074 00000000        DCD              SPI_IRQHandler ; 29: SPI
   78 00000078 00000000        DCD              SSP0_IRQHandler ; 30: SSP0
   79 0000007C 00000000        DCD              SSP1_IRQHandler ; 31: SSP1
   80 00000080 00000000        DCD              PLL0_IRQHandler ; 32: PLL0 Lock
                                                             (Main PLL)
   81 00000084 00000000        DCD              RTC_IRQHandler ; 33: Real Time 
                                                            Clock
   82 00000088 00000000        DCD              EINT0_IRQHandler ; 34: External
                                                             Interrupt 0
   83 0000008C 00000000        DCD              EINT1_IRQHandler ; 35: External
                                                             Interrupt 1
   84 00000090 00000000        DCD              EINT2_IRQHandler ; 36: External
                                                             Interrupt 2
   85 00000094 00000000        DCD              EINT3_IRQHandler ; 37: External
                                                             Interrupt 3
   86 00000098 00000000        DCD              ADC_IRQHandler 
                                                            ; 38: A/D Converter
                                                            



ARM Macro Assembler    Page 3 


   87 0000009C 00000000        DCD              BOD_IRQHandler ; 39: Brown-Out 
                                                            Detect
   88 000000A0 00000000        DCD              USB_IRQHandler ; 40: USB
   89 000000A4 00000000        DCD              CAN_IRQHandler ; 41: CAN
   90 000000A8 00000000        DCD              DMA_IRQHandler ; 42: General Pu
                                                            rpose DMA
   91 000000AC 00000000        DCD              I2S_IRQHandler ; 43: I2S
   92 000000B0 00000000        DCD              ENET_IRQHandler ; 44: Ethernet
   93 000000B4 00000000        DCD              RIT_IRQHandler ; 45: Repetitive
                                                             Interrupt Timer
   94 000000B8 00000000        DCD              MCPWM_IRQHandler ; 46: Motor Co
                                                            ntrol PWM
   95 000000BC 00000000        DCD              QEI_IRQHandler ; 47: Quadrature
                                                             Encoder Interface
   96 000000C0 00000000        DCD              PLL1_IRQHandler ; 48: PLL1 Lock
                                                             (USB PLL)
   97 000000C4 00000000        DCD              USBActivity_IRQHandler ; 49: US
                                                            B Activity interrup
                                                            t to wakeup
   98 000000C8 00000000        DCD              CANActivity_IRQHandler ; 50: CA
                                                            N Activity interrup
                                                            t to wakeup
   99 000000CC         
  100 000000CC         
  101 000000CC                 IF               :LNOT::DEF:NO_CRP
  102 000000CC                 AREA             |.ARM.__at_0x02FC|, CODE, READO
NLY
  103 00000000 FFFFFFFF 
                       CRP_Key DCD              0xFFFFFFFF
  104 00000004                 ENDIF
  105 00000004         
  106 00000004         
  107 00000004                 AREA             |.text|, CODE, READONLY
  108 00000000         
  109 00000000         ; Reset Handler
  110 00000000         
  111 00000000         Reset_Handler
                               PROC
  112 00000000                 EXPORT           Reset_Handler             [WEAK
]
  113 00000000         
  114 00000000         ; your code here
  115 00000000         
  116 00000000 F04F 0003       MOV              R0, #3
  117 00000004 F380 8814       MSR              CONTROL, R0
  118 00000008 F8DF D10C       LDR              SP, =Stack_Mem
  119 0000000C         
  120 0000000C BF00            nop
  121 0000000E         
  122 0000000E DF10            SVC              0x10        ;0x000000DA
  123 00000010         
  124 00000010 E7FE    InfLoop B                InfLoop
  125 00000012                 ENDP
  126 00000012         
  127 00000012         
  128 00000012         ; Dummy Exception Handlers (infinite loops which can be 
                       modified)
  129 00000012         
  130 00000012         NMI_Handler



ARM Macro Assembler    Page 4 


                               PROC
  131 00000012                 EXPORT           NMI_Handler               [WEAK
]
  132 00000012 E7FE            B                .
  133 00000014                 ENDP
  135 00000014         HardFault_Handler
                               PROC
  136 00000014                 EXPORT           HardFault_Handler         [WEAK
]
  137 00000014 E7FE            B                .
  138 00000016                 ENDP
  140 00000016         MemManage_Handler
                               PROC
  141 00000016                 EXPORT           MemManage_Handler         [WEAK
]
  142 00000016 E7FE            B                .
  143 00000018                 ENDP
  145 00000018         BusFault_Handler
                               PROC
  146 00000018                 EXPORT           BusFault_Handler          [WEAK
]
  147 00000018 E7FE            B                .
  148 0000001A                 ENDP
  150 0000001A         UsageFault_Handler
                               PROC
  151 0000001A                 EXPORT           UsageFault_Handler        [WEAK
]
  152 0000001A E7FE            B                .
  153 0000001C                 ENDP
  154 0000001C         SVC_Handler
                               PROC
  155 0000001C                 EXPORT           SVC_Handler               [WEAK
]
  156 0000001C         
  157 0000001C E92D 5FFF       STMFD            SP!, {R0-R12, LR}
  158 00000020 F3EF 8109       MRS              R1, psp     ; makes a copy of t
                                                            he process stack po
                                                            inter in R1
  159 00000024 6988            LDR              R0, [R1, #24] ;0x000000DC    sa
                                                            ves the PC address 
                                                            by acessing the add
                                                            res of psp+24
  160 00000026 F850 0C04       LDR              R0, [R0, #-4] ;0x000000D8    ad
                                                            ds 4 to the pc addr
                                                            ess value, storing 
                                                            the SVC number
  161 0000002A F020 407F       BIC              R0, #0xFF000000
  162 0000002E EA4F 4010       LSR              R0, #16     ; LOGICAL SHIFT RIG
                                                            HT
  163 00000032         ; your code here
  164 00000032         ; greater than 0 and less than 7
  165 00000032 2800            cmp              r0, #0
  166 00000034 DB48            blt              uscita      ; if the svcN is lo
                                                            wer than 0, exit
  167 00000036 BF08 2000       moveq            r0, #0      ; if the svcN is eq
                                                            ual 0, reset r0
  168 0000003A 2807            cmp              r0, #7
  169 0000003C         
  170 0000003C DC14            bgt              Parte_2     ; if the svcN is gr



ARM Macro Assembler    Page 5 


                                                            eater than 7, jump 
                                                            to procedure p2
  171 0000003E BF08 2700       moveq            r7, #0      ; if the svcN is eq
                                                            ual 7, reset r7
  172 00000042         ; find the ? reg and reset it
  173 00000042 2801            cmp              r0, #1
  174 00000044 BF08 2100       moveq            r1, #0
  175 00000048 2802            cmp              r0, #2
  176 0000004A BF08 2200       moveq            r2, #0
  177 0000004E 2803            cmp              r0, #3
  178 00000050 BF08 2300       moveq            r3, #0
  179 00000054 2804            cmp              r0, #4
  180 00000056 BF08 2400       moveq            r4, #0
  181 0000005A 2805            cmp              r0, #5
  182 0000005C BF08 2500       moveq            r5, #0
  183 00000060 2806            cmp              r0, #6
  184 00000062 BF08 2600       moveq            r6, #0
  185 00000066 E02F            b                uscita
  186 00000068         
  187 00000068         Parte_2
  188 00000068 280F            cmp              r0, #15
  189 0000006A DC01            bgt              Parte_3     ; if the svcN is gr
                                                            eater than 15, jump
                                                             to procedure p3
  190 0000006C BF00            nop
  191 0000006E E02B            b                uscita
  192 00000070         
  193 00000070         Parte_3                              ; the memcpy functi
                                                            on copies len bytes
                                                             from src to dest. 
                                                            
  194 00000070         ; if this memory buffers overlap, the memcpy function ca
                       nnot guarantee for the bytes to be copied <- memmove
  195 00000070         
  196 00000070         ; Shift left and then right to extract the number of byt
                       es I need to move
  197 00000070 EA4F 2080       LSL              R0, #10
  198 00000074 EA4F 2090       LSR              R0, #10
  199 00000078         
  200 00000078         MEMCPY
  201 00000078 4601            MOV              R1, R0
  202 0000007A F04F 0A04       MOV              R10, #4
  203 0000007E FBB0 F0FA       udiv             R0, R0, R10 ;QUOZIENTE IN BYTE 
                                                            - massimo 64 <- 16 
                                                            double word
  204 00000082 FB00 F70A       mul              R7, R0, R10
  205 00000086 EBA1 0707       SUB              R7, R1, R7
  206 0000008A 2F00            CMP              R7, #0
  207 0000008C BF1C FB07 
              F70A             MULNE            R7, R7, R10
  208 00000092 FB07 F70A       MULNE            R7, R7, R10 ;RESTO IN BIT
  209 00000096         
  210 00000096 4921            LDR              R1, =SourceStart
  211 00000098 F8DF B084       LDR              R11, =DestStart
  212 0000009C         
  213 0000009C         cicloStore
  214 0000009C 680A            LDR              R2, [R1]
  215 0000009E F101 0104       ADD              R1, R1, #4
  216 000000A2         



ARM Macro Assembler    Page 6 


  217 000000A2 2804            CMP              R0, #4
  218 000000A4 DB08            blt              resto1
  219 000000A6 F8CB 2000       STR              R2, [R11]
  220 000000AA F10B 0B04       ADD              R11, R11, #4
  221 000000AE F1A0 0004       SUB              R0, #4
  222 000000B2 2800            CMP              R0, #0
  223 000000B4 DCF2            BGT              cicloStore
  224 000000B6 D007            BEQ              uscita
  225 000000B8         
  226 000000B8         resto1
  227 000000B8 FA22 F207       LSR              R2, R7
  228 000000BC F8CB 2000       STR              R2, [R11]
  229 000000C0 E002            B                uscita
  230 000000C2         
  231 000000C2 2810            cmp              r0, #0x10
  232 000000C4 D100            bne              uscita
  233 000000C6 BF00            nop
  234 000000C8         
  235 000000C8 E8BD 5FFF 
                       uscita  LDMFD            SP!, {R0-R12, LR}
  236 000000CC 4770            BX               LR
  237 000000CE         
  238 000000CE                 ENDP
  239 000000CE         
  240 000000CE         ; I need to have 64 bytes of data.
  241 000000CE 00 00 00000039 
              00000020 
              00000062 
              00000064 
              0000006E 
              0000004A 
              0000001B 
              0000005C 
              0000002C 
              0000000C 
              00000038 
              00000049 
              0000000D 
              00000032 
              0000000B 
              0000002B SourceStart
                               DCD              57, 32, 98, 100, 110, 74, 27, 9
2, 44, 12, 56, 73, 13, 50, 11, 43
  242 00000110         
  243 00000110         
  245 00000110         DebugMon_Handler
                               PROC
  246 00000110                 EXPORT           DebugMon_Handler          [WEAK
]
  247 00000110 E7FE            B                .
  248 00000112                 ENDP
  249 00000112         PendSV_Handler
                               PROC
  250 00000112                 EXPORT           PendSV_Handler            [WEAK
]
  251 00000112 E7FE            B                .
  252 00000114                 ENDP
  253 00000114         SysTick_Handler
                               PROC



ARM Macro Assembler    Page 7 


  254 00000114                 EXPORT           SysTick_Handler           [WEAK
]
  255 00000114 E7FE            B                .
  256 00000116                 ENDP
  257 00000116         
  258 00000116         Default_Handler
                               PROC
  259 00000116         
  260 00000116                 EXPORT           WDT_IRQHandler            [WEAK
]
  261 00000116                 EXPORT           TIMER0_IRQHandler         [WEAK
]
  262 00000116                 EXPORT           TIMER1_IRQHandler         [WEAK
]
  263 00000116                 EXPORT           TIMER2_IRQHandler         [WEAK
]
  264 00000116                 EXPORT           TIMER3_IRQHandler         [WEAK
]
  265 00000116                 EXPORT           UART0_IRQHandler          [WEAK
]
  266 00000116                 EXPORT           UART1_IRQHandler          [WEAK
]
  267 00000116                 EXPORT           UART2_IRQHandler          [WEAK
]
  268 00000116                 EXPORT           UART3_IRQHandler          [WEAK
]
  269 00000116                 EXPORT           PWM1_IRQHandler           [WEAK
]
  270 00000116                 EXPORT           I2C0_IRQHandler           [WEAK
]
  271 00000116                 EXPORT           I2C1_IRQHandler           [WEAK
]
  272 00000116                 EXPORT           I2C2_IRQHandler           [WEAK
]
  273 00000116                 EXPORT           SPI_IRQHandler            [WEAK
]
  274 00000116                 EXPORT           SSP0_IRQHandler           [WEAK
]
  275 00000116                 EXPORT           SSP1_IRQHandler           [WEAK
]
  276 00000116                 EXPORT           PLL0_IRQHandler           [WEAK
]
  277 00000116                 EXPORT           RTC_IRQHandler            [WEAK
]
  278 00000116                 EXPORT           EINT0_IRQHandler          [WEAK
]
  279 00000116                 EXPORT           EINT1_IRQHandler          [WEAK
]
  280 00000116                 EXPORT           EINT2_IRQHandler          [WEAK
]
  281 00000116                 EXPORT           EINT3_IRQHandler          [WEAK
]
  282 00000116                 EXPORT           ADC_IRQHandler            [WEAK
]
  283 00000116                 EXPORT           BOD_IRQHandler            [WEAK
]
  284 00000116                 EXPORT           USB_IRQHandler            [WEAK
]
  285 00000116                 EXPORT           CAN_IRQHandler            [WEAK



ARM Macro Assembler    Page 8 


]
  286 00000116                 EXPORT           DMA_IRQHandler            [WEAK
]
  287 00000116                 EXPORT           I2S_IRQHandler            [WEAK
]
  288 00000116                 EXPORT           ENET_IRQHandler           [WEAK
]
  289 00000116                 EXPORT           RIT_IRQHandler            [WEAK
]
  290 00000116                 EXPORT           MCPWM_IRQHandler          [WEAK
]
  291 00000116                 EXPORT           QEI_IRQHandler            [WEAK
]
  292 00000116                 EXPORT           PLL1_IRQHandler           [WEAK
]
  293 00000116                 EXPORT           USBActivity_IRQHandler    [WEAK
]
  294 00000116                 EXPORT           CANActivity_IRQHandler    [WEAK
]
  295 00000116         
  296 00000116         WDT_IRQHandler
  297 00000116         TIMER0_IRQHandler
  298 00000116         TIMER1_IRQHandler
  299 00000116         TIMER2_IRQHandler
  300 00000116         TIMER3_IRQHandler
  301 00000116         UART0_IRQHandler
  302 00000116         UART1_IRQHandler
  303 00000116         UART2_IRQHandler
  304 00000116         UART3_IRQHandler
  305 00000116         PWM1_IRQHandler
  306 00000116         I2C0_IRQHandler
  307 00000116         I2C1_IRQHandler
  308 00000116         I2C2_IRQHandler
  309 00000116         SPI_IRQHandler
  310 00000116         SSP0_IRQHandler
  311 00000116         SSP1_IRQHandler
  312 00000116         PLL0_IRQHandler
  313 00000116         RTC_IRQHandler
  314 00000116         EINT0_IRQHandler
  315 00000116         EINT1_IRQHandler
  316 00000116         EINT2_IRQHandler
  317 00000116         EINT3_IRQHandler
  318 00000116         ADC_IRQHandler
  319 00000116         BOD_IRQHandler
  320 00000116         USB_IRQHandler
  321 00000116         CAN_IRQHandler
  322 00000116         DMA_IRQHandler
  323 00000116         I2S_IRQHandler
  324 00000116         ENET_IRQHandler
  325 00000116         RIT_IRQHandler
  326 00000116         MCPWM_IRQHandler
  327 00000116         QEI_IRQHandler
  328 00000116         PLL1_IRQHandler
  329 00000116         USBActivity_IRQHandler
  330 00000116         CANActivity_IRQHandler
  331 00000116         
  332 00000116 E7FE            B                .
  333 00000118         
  334 00000118                 ENDP



ARM Macro Assembler    Page 9 


  335 00000118         
  336 00000118         
  337 00000118                 ALIGN
  338 00000118         
  339 00000118         
  340 00000118         ; User Initial Stack & Heap
  341 00000118         
  342 00000118                 EXPORT           __initial_sp
  343 00000118                 EXPORT           __heap_base
  344 00000118                 EXPORT           __heap_limit
  345 00000118         
  346 00000118                 END
              00000000 
              00000000 
              00000000 
Command Line: --debug --xref --diag_suppress=9931 --cpu=Cortex-M3 --apcs=interw
ork --depend=.\template.d -o.\template.o -I.\RTE\_Target_1 -IC:\Users\Lisa\AppD
ata\Local\Arm\Packs\ARM\CMSIS\5.8.0\CMSIS\Core\Include -IC:\Users\Lisa\AppData\
Local\Arm\Packs\Keil\LPC1700_DFP\2.7.0\Device\Include --predefine="__EVAL SETA 
1" --predefine="__UVISION_VERSION SETA 536" --predefine="_RTE_ SETA 1" --predef
ine="LPC175x_6x SETA 1" --predefine="_RTE_ SETA 1" --list=.\template.lst templa
te.s



ARM Macro Assembler    Page 1 Alphabetic symbol ordering
Relocatable symbols

DestStart 00000000

Symbol: DestStart
   Definitions
      At line 17 in file template.s
   Uses
      At line 211 in file template.s
Comment: DestStart used once
STACK 00000000

Symbol: STACK
   Definitions
      At line 16 in file template.s
   Uses
      None
Comment: STACK unused
Stack_Mem 00000220

Symbol: Stack_Mem
   Definitions
      At line 19 in file template.s
   Uses
      At line 118 in file template.s
Comment: Stack_Mem used once
__initial_sp 00000400

Symbol: __initial_sp
   Definitions
      At line 20 in file template.s
   Uses
      At line 46 in file template.s
      At line 342 in file template.s

4 symbols



ARM Macro Assembler    Page 1 Alphabetic symbol ordering
Relocatable symbols

HEAP 00000000

Symbol: HEAP
   Definitions
      At line 31 in file template.s
   Uses
      None
Comment: HEAP unused
Heap_Mem 00000000

Symbol: Heap_Mem
   Definitions
      At line 33 in file template.s
   Uses
      None
Comment: Heap_Mem unused
__heap_base 00000000

Symbol: __heap_base
   Definitions
      At line 32 in file template.s
   Uses
      At line 343 in file template.s
Comment: __heap_base used once
__heap_limit 00000200

Symbol: __heap_limit
   Definitions
      At line 34 in file template.s
   Uses
      At line 344 in file template.s
Comment: __heap_limit used once
4 symbols



ARM Macro Assembler    Page 1 Alphabetic symbol ordering
Relocatable symbols

RESET 00000000

Symbol: RESET
   Definitions
      At line 43 in file template.s
   Uses
      None
Comment: RESET unused
__Vectors 00000000

Symbol: __Vectors
   Definitions
      At line 46 in file template.s
   Uses
      At line 44 in file template.s
Comment: __Vectors used once
2 symbols



ARM Macro Assembler    Page 1 Alphabetic symbol ordering
Relocatable symbols

.ARM.__at_0x02FC 00000000

Symbol: .ARM.__at_0x02FC
   Definitions
      At line 102 in file template.s
   Uses
      None
Comment: .ARM.__at_0x02FC unused
CRP_Key 00000000

Symbol: CRP_Key
   Definitions
      At line 103 in file template.s
   Uses
      None
Comment: CRP_Key unused
2 symbols



ARM Macro Assembler    Page 1 Alphabetic symbol ordering
Relocatable symbols

.text 00000000

Symbol: .text
   Definitions
      At line 107 in file template.s
   Uses
      None
Comment: .text unused
ADC_IRQHandler 00000116

Symbol: ADC_IRQHandler
   Definitions
      At line 318 in file template.s
   Uses
      At line 86 in file template.s
      At line 282 in file template.s

BOD_IRQHandler 00000116

Symbol: BOD_IRQHandler
   Definitions
      At line 319 in file template.s
   Uses
      At line 87 in file template.s
      At line 283 in file template.s

BusFault_Handler 00000018

Symbol: BusFault_Handler
   Definitions
      At line 145 in file template.s
   Uses
      At line 51 in file template.s
      At line 146 in file template.s

CANActivity_IRQHandler 00000116

Symbol: CANActivity_IRQHandler
   Definitions
      At line 330 in file template.s
   Uses
      At line 98 in file template.s
      At line 294 in file template.s

CAN_IRQHandler 00000116

Symbol: CAN_IRQHandler
   Definitions
      At line 321 in file template.s
   Uses
      At line 89 in file template.s
      At line 285 in file template.s

DMA_IRQHandler 00000116

Symbol: DMA_IRQHandler
   Definitions
      At line 322 in file template.s
   Uses



ARM Macro Assembler    Page 2 Alphabetic symbol ordering
Relocatable symbols

      At line 90 in file template.s
      At line 286 in file template.s

DebugMon_Handler 00000110

Symbol: DebugMon_Handler
   Definitions
      At line 245 in file template.s
   Uses
      At line 58 in file template.s
      At line 246 in file template.s

Default_Handler 00000116

Symbol: Default_Handler
   Definitions
      At line 258 in file template.s
   Uses
      None
Comment: Default_Handler unused
EINT0_IRQHandler 00000116

Symbol: EINT0_IRQHandler
   Definitions
      At line 314 in file template.s
   Uses
      At line 82 in file template.s
      At line 278 in file template.s

EINT1_IRQHandler 00000116

Symbol: EINT1_IRQHandler
   Definitions
      At line 315 in file template.s
   Uses
      At line 83 in file template.s
      At line 279 in file template.s

EINT2_IRQHandler 00000116

Symbol: EINT2_IRQHandler
   Definitions
      At line 316 in file template.s
   Uses
      At line 84 in file template.s
      At line 280 in file template.s

EINT3_IRQHandler 00000116

Symbol: EINT3_IRQHandler
   Definitions
      At line 317 in file template.s
   Uses
      At line 85 in file template.s
      At line 281 in file template.s

ENET_IRQHandler 00000116

Symbol: ENET_IRQHandler



ARM Macro Assembler    Page 3 Alphabetic symbol ordering
Relocatable symbols

   Definitions
      At line 324 in file template.s
   Uses
      At line 92 in file template.s
      At line 288 in file template.s

HardFault_Handler 00000014

Symbol: HardFault_Handler
   Definitions
      At line 135 in file template.s
   Uses
      At line 49 in file template.s
      At line 136 in file template.s

I2C0_IRQHandler 00000116

Symbol: I2C0_IRQHandler
   Definitions
      At line 306 in file template.s
   Uses
      At line 74 in file template.s
      At line 270 in file template.s

I2C1_IRQHandler 00000116

Symbol: I2C1_IRQHandler
   Definitions
      At line 307 in file template.s
   Uses
      At line 75 in file template.s
      At line 271 in file template.s

I2C2_IRQHandler 00000116

Symbol: I2C2_IRQHandler
   Definitions
      At line 308 in file template.s
   Uses
      At line 76 in file template.s
      At line 272 in file template.s

I2S_IRQHandler 00000116

Symbol: I2S_IRQHandler
   Definitions
      At line 323 in file template.s
   Uses
      At line 91 in file template.s
      At line 287 in file template.s

InfLoop 00000010

Symbol: InfLoop
   Definitions
      At line 124 in file template.s
   Uses
      At line 124 in file template.s
Comment: InfLoop used once



ARM Macro Assembler    Page 4 Alphabetic symbol ordering
Relocatable symbols

MCPWM_IRQHandler 00000116

Symbol: MCPWM_IRQHandler
   Definitions
      At line 326 in file template.s
   Uses
      At line 94 in file template.s
      At line 290 in file template.s

MEMCPY 00000078

Symbol: MEMCPY
   Definitions
      At line 200 in file template.s
   Uses
      None
Comment: MEMCPY unused
MemManage_Handler 00000016

Symbol: MemManage_Handler
   Definitions
      At line 140 in file template.s
   Uses
      At line 50 in file template.s
      At line 141 in file template.s

NMI_Handler 00000012

Symbol: NMI_Handler
   Definitions
      At line 130 in file template.s
   Uses
      At line 48 in file template.s
      At line 131 in file template.s

PLL0_IRQHandler 00000116

Symbol: PLL0_IRQHandler
   Definitions
      At line 312 in file template.s
   Uses
      At line 80 in file template.s
      At line 276 in file template.s

PLL1_IRQHandler 00000116

Symbol: PLL1_IRQHandler
   Definitions
      At line 328 in file template.s
   Uses
      At line 96 in file template.s
      At line 292 in file template.s

PWM1_IRQHandler 00000116

Symbol: PWM1_IRQHandler
   Definitions
      At line 305 in file template.s
   Uses



ARM Macro Assembler    Page 5 Alphabetic symbol ordering
Relocatable symbols

      At line 73 in file template.s
      At line 269 in file template.s

Parte_2 00000068

Symbol: Parte_2
   Definitions
      At line 187 in file template.s
   Uses
      At line 170 in file template.s
Comment: Parte_2 used once
Parte_3 00000070

Symbol: Parte_3
   Definitions
      At line 193 in file template.s
   Uses
      At line 189 in file template.s
Comment: Parte_3 used once
PendSV_Handler 00000112

Symbol: PendSV_Handler
   Definitions
      At line 249 in file template.s
   Uses
      At line 60 in file template.s
      At line 250 in file template.s

QEI_IRQHandler 00000116

Symbol: QEI_IRQHandler
   Definitions
      At line 327 in file template.s
   Uses
      At line 95 in file template.s
      At line 291 in file template.s

RIT_IRQHandler 00000116

Symbol: RIT_IRQHandler
   Definitions
      At line 325 in file template.s
   Uses
      At line 93 in file template.s
      At line 289 in file template.s

RTC_IRQHandler 00000116

Symbol: RTC_IRQHandler
   Definitions
      At line 313 in file template.s
   Uses
      At line 81 in file template.s
      At line 277 in file template.s

Reset_Handler 00000000

Symbol: Reset_Handler
   Definitions



ARM Macro Assembler    Page 6 Alphabetic symbol ordering
Relocatable symbols

      At line 111 in file template.s
   Uses
      At line 47 in file template.s
      At line 112 in file template.s

SPI_IRQHandler 00000116

Symbol: SPI_IRQHandler
   Definitions
      At line 309 in file template.s
   Uses
      At line 77 in file template.s
      At line 273 in file template.s

SSP0_IRQHandler 00000116

Symbol: SSP0_IRQHandler
   Definitions
      At line 310 in file template.s
   Uses
      At line 78 in file template.s
      At line 274 in file template.s

SSP1_IRQHandler 00000116

Symbol: SSP1_IRQHandler
   Definitions
      At line 311 in file template.s
   Uses
      At line 79 in file template.s
      At line 275 in file template.s

SVC_Handler 0000001C

Symbol: SVC_Handler
   Definitions
      At line 154 in file template.s
   Uses
      At line 57 in file template.s
      At line 155 in file template.s

SourceStart 000000D0

Symbol: SourceStart
   Definitions
      At line 241 in file template.s
   Uses
      At line 210 in file template.s
Comment: SourceStart used once
SysTick_Handler 00000114

Symbol: SysTick_Handler
   Definitions
      At line 253 in file template.s
   Uses
      At line 61 in file template.s
      At line 254 in file template.s

TIMER0_IRQHandler 00000116



ARM Macro Assembler    Page 7 Alphabetic symbol ordering
Relocatable symbols


Symbol: TIMER0_IRQHandler
   Definitions
      At line 297 in file template.s
   Uses
      At line 65 in file template.s
      At line 261 in file template.s

TIMER1_IRQHandler 00000116

Symbol: TIMER1_IRQHandler
   Definitions
      At line 298 in file template.s
   Uses
      At line 66 in file template.s
      At line 262 in file template.s

TIMER2_IRQHandler 00000116

Symbol: TIMER2_IRQHandler
   Definitions
      At line 299 in file template.s
   Uses
      At line 67 in file template.s
      At line 263 in file template.s

TIMER3_IRQHandler 00000116

Symbol: TIMER3_IRQHandler
   Definitions
      At line 300 in file template.s
   Uses
      At line 68 in file template.s
      At line 264 in file template.s

UART0_IRQHandler 00000116

Symbol: UART0_IRQHandler
   Definitions
      At line 301 in file template.s
   Uses
      At line 69 in file template.s
      At line 265 in file template.s

UART1_IRQHandler 00000116

Symbol: UART1_IRQHandler
   Definitions
      At line 302 in file template.s
   Uses
      At line 70 in file template.s
      At line 266 in file template.s

UART2_IRQHandler 00000116

Symbol: UART2_IRQHandler
   Definitions
      At line 303 in file template.s
   Uses



ARM Macro Assembler    Page 8 Alphabetic symbol ordering
Relocatable symbols

      At line 71 in file template.s
      At line 267 in file template.s

UART3_IRQHandler 00000116

Symbol: UART3_IRQHandler
   Definitions
      At line 304 in file template.s
   Uses
      At line 72 in file template.s
      At line 268 in file template.s

USBActivity_IRQHandler 00000116

Symbol: USBActivity_IRQHandler
   Definitions
      At line 329 in file template.s
   Uses
      At line 97 in file template.s
      At line 293 in file template.s

USB_IRQHandler 00000116

Symbol: USB_IRQHandler
   Definitions
      At line 320 in file template.s
   Uses
      At line 88 in file template.s
      At line 284 in file template.s

UsageFault_Handler 0000001A

Symbol: UsageFault_Handler
   Definitions
      At line 150 in file template.s
   Uses
      At line 52 in file template.s
      At line 151 in file template.s

WDT_IRQHandler 00000116

Symbol: WDT_IRQHandler
   Definitions
      At line 296 in file template.s
   Uses
      At line 64 in file template.s
      At line 260 in file template.s

cicloStore 0000009C

Symbol: cicloStore
   Definitions
      At line 213 in file template.s
   Uses
      At line 223 in file template.s
Comment: cicloStore used once
resto1 000000B8

Symbol: resto1



ARM Macro Assembler    Page 9 Alphabetic symbol ordering
Relocatable symbols

   Definitions
      At line 226 in file template.s
   Uses
      At line 218 in file template.s
Comment: resto1 used once
uscita 000000C8

Symbol: uscita
   Definitions
      At line 235 in file template.s
   Uses
      At line 166 in file template.s
      At line 185 in file template.s
      At line 191 in file template.s
      At line 224 in file template.s
      At line 229 in file template.s
      At line 232 in file template.s

55 symbols



ARM Macro Assembler    Page 1 Alphabetic symbol ordering
Absolute symbols

Heap_Size 00000200

Symbol: Heap_Size
   Definitions
      At line 29 in file template.s
   Uses
      At line 33 in file template.s
Comment: Heap_Size used once
Stack_Size 00000200

Symbol: Stack_Size
   Definitions
      At line 14 in file template.s
   Uses
      At line 18 in file template.s
      At line 19 in file template.s

2 symbols
407 symbols in table
