


ARM Macro Assembler    Page 1 


    1 00000000         ;/******************************************************
                       ********************//**
    2 00000000         ; * @file     startup_LPC17xx.s
    3 00000000         ; * @brief    CMSIS Cortex-M3 Core Device Startup File f
                       or
    4 00000000         ; *           NXP LPC17xx Device Series
    5 00000000         ; * @version  V1.10
    6 00000000         ; * @date     06. April 2011
    7 00000000         ; *
    8 00000000         ; * @note
    9 00000000         ; * Copyright (C) 2009-2011 ARM Limited. All rights rese
                       rved.
   10 00000000         ; *
   11 00000000         ; * @par
   12 00000000         ; * ARM Limited (ARM) is supplying this software for use
                        with Cortex-M
   13 00000000         ; * processor based microcontrollers.  This file can be 
                       freely distributed
   14 00000000         ; * within development tools that are supporting such AR
                       M based processors.
   15 00000000         ; *
   16 00000000         ; * @par
   17 00000000         ; * THIS SOFTWARE IS PROVIDED "AS IS".  NO WARRANTIES, W
                       HETHER EXPRESS, IMPLIED
   18 00000000         ; * OR STATUTORY, INCLUDING, BUT NOT LIMITED TO, IMPLIED
                        WARRANTIES OF
   19 00000000         ; * MERCHANTABILITY AND FITNESS FOR A PARTICULAR PURPOSE
                        APPLY TO THIS SOFTWARE.
   20 00000000         ; * ARM SHALL NOT, IN ANY CIRCUMSTANCES, BE LIABLE FOR S
                       PECIAL, INCIDENTAL, OR
   21 00000000         ; * CONSEQUENTIAL DAMAGES, FOR ANY REASON WHATSOEVER.
   22 00000000         ; *
   23 00000000         ; ******************************************************
                       ************************/
   24 00000000         
   25 00000000         ; *------- <<< Use Configuration Wizard in Context Menu 
                       >>> ------------------
   26 00000000         
   27 00000000         ; <h> Stack Configuration
   28 00000000         ;   <o> Stack Size (in Bytes) <0x0-0xFFFFFFFF:8>
   29 00000000         ; </h>
   30 00000000         
   31 00000000 00000200 
                       Stack_Size
                               EQU              0x00000200
   32 00000000         
   33 00000000                 AREA             STACK, NOINIT, READWRITE, ALIGN
=3
   34 00000000         Stack_Mem
                               SPACE            Stack_Size
   35 00000200         __initial_sp
   36 00000200         
   37 00000200         
   38 00000200         ; <h> Heap Configuration
   39 00000200         ;   <o>  Heap Size (in Bytes) <0x0-0xFFFFFFFF:8>
   40 00000200         ; </h>
   41 00000200         
   42 00000200 00000200 
                       Heap_Size



ARM Macro Assembler    Page 2 


                               EQU              0x00000200
   43 00000200         
   44 00000200                 AREA             HEAP, NOINIT, READWRITE, ALIGN=
3 
                                                            ; 2*3
   45 00000000         __heap_base
   46 00000000         Heap_Mem
                               SPACE            Heap_Size
   47 00000200         __heap_limit
   48 00000200         
   49 00000200         
   50 00000200                 PRESERVE8
   51 00000200                 THUMB
   52 00000200         
   53 00000200         
   54 00000200         ; Vector Table Mapped to Address 0 at Reset
   55 00000200         
   56 00000200                 AREA             RESET, DATA, READONLY
   57 00000000                 EXPORT           __Vectors
   58 00000000         
   59 00000000 00000000 
                       __Vectors
                               DCD              __initial_sp ; Top of Stack
   60 00000004 00000000        DCD              Reset_Handler ; Reset Handler
   61 00000008 00000000        DCD              NMI_Handler ; NMI Handler
   62 0000000C 00000000        DCD              HardFault_Handler ; Hard Fault 
                                                            Handler
   63 00000010 00000000        DCD              MemManage_Handler 
                                                            ; MPU Fault Handler
                                                            
   64 00000014 00000000        DCD              BusFault_Handler 
                                                            ; Bus Fault Handler
                                                            
   65 00000018 00000000        DCD              UsageFault_Handler ; Usage Faul
                                                            t Handler
   66 0000001C 00000000        DCD              0           ; Reserved
   67 00000020 00000000        DCD              0           ; Reserved
   68 00000024 00000000        DCD              0           ; Reserved
   69 00000028 00000000        DCD              0           ; Reserved
   70 0000002C 00000000        DCD              SVC_Handler ; SVCall Handler
   71 00000030 00000000        DCD              DebugMon_Handler ; Debug Monito
                                                            r Handler
   72 00000034 00000000        DCD              0           ; Reserved
   73 00000038 00000000        DCD              PendSV_Handler ; PendSV Handler
                                                            
   74 0000003C 00000000        DCD              SysTick_Handler 
                                                            ; SysTick Handler
   75 00000040         
   76 00000040         ; External Interrupts
   77 00000040 00000000        DCD              WDT_IRQHandler ; 16: Watchdog T
                                                            imer
   78 00000044 00000000        DCD              TIMER0_IRQHandler ; 17: Timer0
   79 00000048 00000000        DCD              TIMER1_IRQHandler ; 18: Timer1
   80 0000004C 00000000        DCD              TIMER2_IRQHandler ; 19: Timer2
   81 00000050 00000000        DCD              TIMER3_IRQHandler ; 20: Timer3
   82 00000054 00000000        DCD              UART0_IRQHandler ; 21: UART0
   83 00000058 00000000        DCD              UART1_IRQHandler ; 22: UART1
   84 0000005C 00000000        DCD              UART2_IRQHandler ; 23: UART2
   85 00000060 00000000        DCD              UART3_IRQHandler ; 24: UART3



ARM Macro Assembler    Page 3 


   86 00000064 00000000        DCD              PWM1_IRQHandler ; 25: PWM1
   87 00000068 00000000        DCD              I2C0_IRQHandler ; 26: I2C0
   88 0000006C 00000000        DCD              I2C1_IRQHandler ; 27: I2C1
   89 00000070 00000000        DCD              I2C2_IRQHandler ; 28: I2C2
   90 00000074 00000000        DCD              SPI_IRQHandler ; 29: SPI
   91 00000078 00000000        DCD              SSP0_IRQHandler ; 30: SSP0
   92 0000007C 00000000        DCD              SSP1_IRQHandler ; 31: SSP1
   93 00000080 00000000        DCD              PLL0_IRQHandler ; 32: PLL0 Lock
                                                             (Main PLL)
   94 00000084 00000000        DCD              RTC_IRQHandler ; 33: Real Time 
                                                            Clock
   95 00000088 00000000        DCD              EINT0_IRQHandler ; 34: External
                                                             Interrupt 0
   96 0000008C 00000000        DCD              EINT1_IRQHandler ; 35: External
                                                             Interrupt 1
   97 00000090 00000000        DCD              EINT2_IRQHandler ; 36: External
                                                             Interrupt 2
   98 00000094 00000000        DCD              EINT3_IRQHandler ; 37: External
                                                             Interrupt 3
   99 00000098 00000000        DCD              ADC_IRQHandler 
                                                            ; 38: A/D Converter
                                                            
  100 0000009C 00000000        DCD              BOD_IRQHandler ; 39: Brown-Out 
                                                            Detect
  101 000000A0 00000000        DCD              USB_IRQHandler ; 40: USB
  102 000000A4 00000000        DCD              CAN_IRQHandler ; 41: CAN
  103 000000A8 00000000        DCD              DMA_IRQHandler ; 42: General Pu
                                                            rpose DMA
  104 000000AC 00000000        DCD              I2S_IRQHandler ; 43: I2S
  105 000000B0 00000000        DCD              ENET_IRQHandler ; 44: Ethernet
  106 000000B4 00000000        DCD              RIT_IRQHandler ; 45: Repetitive
                                                             Interrupt Timer
  107 000000B8 00000000        DCD              MCPWM_IRQHandler ; 46: Motor Co
                                                            ntrol PWM
  108 000000BC 00000000        DCD              QEI_IRQHandler ; 47: Quadrature
                                                             Encoder Interface
  109 000000C0 00000000        DCD              PLL1_IRQHandler ; 48: PLL1 Lock
                                                             (USB PLL)
  110 000000C4 00000000        DCD              USBActivity_IRQHandler ; 49: US
                                                            B Activity interrup
                                                            t to wakeup
  111 000000C8 00000000        DCD              CANActivity_IRQHandler ; 50: CA
                                                            N Activity interrup
                                                            t to wakeup
  112 000000CC         
  113 000000CC         
  114 000000CC                 IF               :LNOT::DEF:NO_CRP
  115 000000CC                 AREA             |.ARM.__at_0x02FC|, CODE, READO
NLY
  116 00000000 FFFFFFFF 
                       CRP_Key DCD              0xFFFFFFFF
  117 00000004                 ENDIF
  118 00000004         
  119 00000004         
  120 00000004        2 
                       var     RN               2
  121 00000004         
  122 00000004                 AREA             |.text|, CODE, READONLY
  123 00000000         ; Reset Handler



ARM Macro Assembler    Page 4 


  124 00000000         
  125 00000000         Reset_Handler
                               PROC
  126 00000000                 EXPORT           Reset_Handler             [WEAK
]
  127 00000000         
  128 00000000 4915            LDR              r1, =Calories_food ;load dell'i
                                                            ndirizzo di mem
  129 00000002 4A16            LDR              r2, =Calories_sport
  130 00000004 4B16            LDR              r3, =Num_days
  131 00000006 4C17            LDR              r4, =Num_days_sport
  132 00000008 781B            LDRB             r3, [r3]
  133 0000000A 7824            LDRB             r4, [r4]
  134 0000000C         
  135 0000000C F04F 0000       MOV              r0, #0      ;index per il primo
                                                             ciclo
  136 00000010 F10B 0B00       ADD              r11, #0     ;inizializzo numero
                                                             giorni <500kcal
  137 00000014         
  138 00000014 F1A1 0104       SUB              R1, #4
  139 00000018 F1A2 0204       SUB              R2, #4
  140 0000001C         
  141 0000001C         init
  142 0000001C 4298            CMP              r0, r3
  143 0000001E D01A            BEQ              stop
  144 00000020 F100 0001       ADD              r0, #1      ;incremento l'index
                                                             del ciclo 1
  145 00000024 F851 5F04       LDR              r5, [r1, #4]! ;giorno
  146 00000028 F851 6F04       LDR              r6, [r1, #4]! ;cal del giorno
  147 0000002C         
  148 0000002C         
  149 0000002C F04F 0A00       MOV              r10, #0     ;index per il secon
                                                            do ciclo
  150 00000030         ciclo                                ;inizio a ciclare s
                                                            ulle calorie consum
                                                            ate
  151 00000030 F10A 0A01       ADD              r10, #1     ;incremento l'index
                                                             del ciclo 2
  152 00000034 F852 7F04       LDR              r7, [r2, #4]! ;giorno
  153 00000038 F852 8F04       LDR              r8, [r2, #4]! 
                                                            ;calorie consumate
  154 0000003C         
  155 0000003C 42BD            CMP              r5, r7      ;comparo i giorni d
                                                            el food e dello spo
                                                            rt
  156 0000003E D002            BEQ              uguali
  157 00000040         ;giorni diversi
  158 00000040 4554            CMP              r4, r10     ;i=3?
  159 00000042 D0EB            BEQ              init
  160 00000044 D1F4            BNE              ciclo
  161 00000046         uguali                               ;giorni uguali
  162 00000046 EBA6 0608       SUB              r6, r6, r8  ;calorie totali
  163 0000004A F5B6 7FFA       CMP              r6, #500
  164 0000004E BFC8 F10B 
              0B01             ADDGT            r11, #1     ;se + di 500 ingeri
                                                            te, incremento r11
  165 00000054 E7E2            B                init
  166 00000056         
  167 00000056         



ARM Macro Assembler    Page 5 


  168 00000056 4700    stop    BX               R0
  169 00000058                 ENDP
  170 00000058         
  171 00000058 00000000 
              00000000 
              00000000 
              00000000         LTORG
  172 00000068 00 00 00 
              00 00 00 
              00 00 00 
              00 00 00 
              00 00 00 
              00 00 00 
              00 00 00 
              00 00 00 
              00 00 00 
              00 00 00 
              00 00 00 
              00 00 00 
              00 00 00 
              00 00 00 
              00 00 00 
              00 00 00 
              00 00 00 
              00 00 00 
              00 00 00 
              00 00 00 
              00 00 00 
              00 00 00 
              00 00 00 
              00 00 00 
              00 00 00 
              00 00 00 
              00 00 00 
              00 00 00 
              00 00 00 
              00 00 00 
              00 00 00 
              00 00 00 
              00 00 00 
              00 00 00 
              00 00 00 
              00 00 00 
              00 00 00 
              00 00 00 
              00 00 00 
              00 00 00 
              00 00 00 
              00 00 00 
              00 00 00 
              00 00 00 
              00 00 00 
              00 00 00 
              00 00 00 
              00 00 00 
              00 00 00 
              00 00 00 
              00 00 00 
              00 00 00 



ARM Macro Assembler    Page 6 


              00 00 00 
              00 00 00 
              00 00 00 
              00 00 00 
              00 00 00 
              00 00 00 
              00 00 00 
              00 00 00 
              00 00 00 
              00 00 00 
              00 00 00 
              00 00 00 
              00 00 00 
              00 00 00 
              00 00 00 
              00 00 00 
              00 00 00 
              00 00 00 
              00 00 00 
              00 00 00 
              00 00 00 
              00 00 00 
              00 00 00 
              00 00 00 
              00 00 00 
              00 00 00 
              00 00 00 
              00 00 00 
              00 00 00 
              00 00 00 
              00 00 00 
              00 00 00 
              00 00 00 
              00 00 00 
              00 00 00 
              00 00 00 
              00 00 00 
              00 00 00 
              00 00 00 
              00 00 00 
              00 00 00 
              00 00 00 
              00 00 00 
              00 00 00 
              00 00 00 
              00 00 00 
              00 00 00 
              00 00 00 
              00 00 00 
              00 00 00 
              00 00 00 
              00 00 00 
              00 00 00 
              00 00 00 
              00 00 00 
              00 00 00 
              00 00 00 
              00 00 00 
              00 00 00 



ARM Macro Assembler    Page 7 


              00 00 00 
              00 00 00 
              00 00 00 
              00 00 00 
              00 00 00 
              00 00 00 
              00 00 00 
              00 00 00 
              00 00 00 
              00 00 00 
              00 00 00 
              00 00 00 
              00 00 00 
              00 00 00 
              00 00 00 
              00 00 00 
              00 00 00 
              00 00 00 
              00 00 00 
              00 00 00 
              00 00 00 
              00 00 00 
              00 00 00 
              00 00 00 
              00 00 00 
              00 00 00 
              00 00 00 
              00 00 00 
              00 00 00 
              00 00 00 
              00 00 00 
              00 00 00 
              00 00 00 
              00 00 00 
              00 00 00 
              00 00 00 
              00 00 00 
              00 00 00 
              00 00 00 
              00 00 00 
              00 00 00 
              00 00 00 
              00 00 00 
              00 00 00 
              00 00 00 
              00 00 00 
              00 00 00 
              00 00 00 
              00 00 00 
              00 00 00 
              00 00 00 
              00 00 00 
              00 00 00 
              00 00 00 
              00 00 00 
              00 00 00 
              00 00 00 
              00 00 00 
              00 00 00 



ARM Macro Assembler    Page 8 


              00 00 00 
              00 00 00 
              00 00 00 
              00 00 00 
              00 00 00 
              00 00 00 
              00 00 00 
              00 00 00 
              00 00 00 
              00 00 00 
              00 00 00 
              00 00 00 
              00 00 00 
              00 00 00 
              00 00 00 
              00 00 00 
              00 00 00 
              00 00 00 
              00 00 00 
              00 00 00 
              00 00 00 
              00 00 00 
              00 00 00 
              00 00 00 
              00 00 00 
              00 00 00 
              00 00 00 
              00 00 00 
              00 00 00 
              00 00 00 
              00 00 00 
              00 00 00 
              00 00 00 
              00 00 00 
              00 00 00 
              00 00 00 
              00 00 00 
              00 00 00 
              00 00 00 
              00 00 00 
              00 00 00 
              00 00 00 
              00 00 00 
              00 00 00 
              00 00 00 
              00 00 00 
              00 00 00 
              00 00 00 
              00 00 00 
              00 00 00 
              00 00 00 
              00 00 00 
              00 00 00 
              00 00 00 
              00 00 00 
              00 00 00 
              00 00 00 
              00 00 00 
              00 00 00 



ARM Macro Assembler    Page 9 


              00 00 00 
              00 00 00 
              00 00 00 
              00 00 00 
              00 00 00 
              00 00 00 
              00 00 00 
              00 00 00 
              00 00 00 
              00 00 00 
              00 00 00 
              00 00 00 
              00 00 00 
              00 00 00 
              00 00 00 
              00 00 00 
              00 00 00 
              00 00 00 
              00 00 00 
              00 00 00 
              00 00 00 
              00 00 00 
              00 00 00 
              00 00 00 
              00 00 00 
              00 00 00 
              00 00 00 
              00 00 00 
              00 00 00 
              00 00 00 
              00 00 00 
              00 00 00 
              00 00 00 
              00 00 00 
              00 00 00 
              00 00 00 
              00 00 00 
              00 00 00 
              00 00 00 
              00 00 00 
              00 00 00 
              00 00 00 
              00 00 00 
              00 00 00 
              00 00 00 
              00 00 00 
              00 00 00 
              00 00 00 
              00 00 00 
              00 00 00 
              00 00 00 
              00 00 00 
              00 00 00 
              00 00 00 
              00 00 00 
              00 00 00 
              00 00 00 
              00 00 00 
              00 00 00 



ARM Macro Assembler    Page 10 


              00 00 00 
              00 00 00 
              00 00 00 
              00 00 00 
              00 00 00 
              00 00 00 
              00 00 00 
              00 00 00 
              00 00 00 
              00 00 00 
              00 00 00 
              00 00 00 
              00 00 00 
              00 00 00 
              00 00 00 
              00 00 00 
              00 00 00 
              00 00 00 
              00 00 00 
              00 00 00 
              00 00 00 
              00 00 00 
              00 00 00 
              00 00 00 
              00 00 00 
              00 00 00 
              00 00 00 
              00 00 00 
              00 00 00 
              00 00 00 
              00 00 00 
              00 00 00 
              00 00 00 
              00 00 00 
              00 00 00 
              00 00 00 
              00 00 00 
              00 00 00 
              00 00 00 
              00 00 00 
              00 00 00 
              00 00 00 
              00 00 00 
              00 00 00 
              00 00 00 
              00 00 00 
              00 00 00 
              00 00 00 
              00 00 00 
              00 00 00 
              00 00 00 
              00 00 00 
              00 00 00 
              00 00 00 
              00 00 00 
              00 00 00 
              00 00 00 
              00 00 00 
              00 00 00 



ARM Macro Assembler    Page 11 


              00 00 00 
              00 00 00 
              00 00 00 
              00 00 00 
              00 00 00 
              00 00 00 
              00 00 00 
              00 00 00 
              00 00 00 
              00 00 00 
              00 00 00 
              00 00 00 
              00 00 00 
              00 00 00 
              00 00 00 
              00 00 00 
              00 00 00 
              00 00 00 
              00 00 00 
              00 00 00 
              00 00 00 
              00 00 00 
              00 00 00 
              00 00 00 
              00 00 00 
              00 00 00 
              00 00 00 
              00 00 00 
              00 00 00 
              00 00 00 
              00 00 00 
              00 00 00 
              00 00 00 
              00 00 00 
              00 00 00 
              00 00 00 
              00 00 00 
              00 00 00 
              00 00 00 
              00 00 00 
              00 00 00 
              00 00 00 
              00 00 00 
              00 00 00 
              00 00 00 
              00 00 00 
              00 00 00 
              00 00 00 
              00 00 00 
              00 00 00 
              00 00 00 
              00 00 00 
              00 00 00 
              00 00 00 
              00 00 00 
              00 00 00 
              00 00 00 
              00 00 00 
              00 00 00 



ARM Macro Assembler    Page 12 


              00 00 00 
              00 00 00 
              00 00 00 
              00 00 00 
              00 00 00 
              00 00 00 
              00 00 00 
              00 00 00 
              00 00 00 
              00 00 00 
              00 00 00 
              00 00 00 
              00 00 00 
              00 00 00 
              00 00 00 
              00 00 00 
              00 00 00 
              00 00 00 
              00 00 00 
              00 00 00 
              00 00 00 
              00 00 00 
              00 00 00 
              00 00 00 
              00 00 00 
              00 00 00 
              00 00 00 
              00 00 00 
              00 00 00 
              00 00 00 
              00 00 00 
              00 00 00 
              00 00 00 
              00 00 00 
              00 00 00 
              00 00 00 
              00 00 00 
              00 00 00 
              00 00 00 
              00 00 00 
              00 00 00 
              00 00 00 
              00 00 00 
              00 00 00 
              00 00 00 
              00 00 00 
              00 00 00 
              00 00 00 
              00 00 00 
              00 00 00 
              00 00 00 
              00 00 00 
              00 00 00 
              00 00 00 
              00 00 00 
              00 00 00 
              00 00 00 
              00 00 00 
              00 00 00 



ARM Macro Assembler    Page 13 


              00 00 00 
              00 00 00 
              00 00 00 
              00 00 00 
              00 00 00 
              00 00 00 
              00 00 00 
              00 00 00 
              00 00 00 
              00 00 00 
              00 00 00 
              00 00 00 
              00 00 00 
              00 00 00 
              00 00 00 
              00 00 00 
              00 00 00 
              00 00 00 
              00 00 00 
              00 00 00 
              00 00 00 
              00 00 00 
              00 00 00 
              00 00 00 
              00 00 00 
              00 00 00 
              00 00 00 
              00 00 00 
              00 00 00 
              00 00 00 
              00 00 00 
              00 00 00 
              00 00 00 
              00 00 00 
              00 00 00 
              00 00 00 
              00 00 00 
              00 00 00 
              00 00 00 
              00 00 00 
              00 00 00 
              00 00 00 
              00 00 00 
              00 00 00 
              00 00 00 
              00 00 00 
              00 00 00 
              00 00 00 
              00 00 00 
              00 00 00 
              00 00 00 
              00 00 00 
              00 00 00 
              00 00 00 
              00 00 00 
              00 00 00 
              00 00 00 
              00 00 00 
              00 00 00 



ARM Macro Assembler    Page 14 


              00 00 00 
              00 00 00 
              00 00 00 
              00 00 00 
              00 00 00 
              00 00 00 
              00 00 00 
              00 00 00 
              00 00 00 
              00 00 00 
              00 00 00 
              00 00 00 
              00 00 00 
              00 00 00 
              00 00 00 
              00 00 00 
              00 00 00 
              00 00 00 
              00 00 00 
              00 00 00 
              00 00 00 
              00 00 00 
              00 00 00 
              00 00 00 
              00 00 00 
              00 00 00 
              00 00 00 
              00 00 00 
              00 00 00 
              00 00 00 
              00 00 00 
              00 00 00 
              00 00 00 
              00 00 00 
              00 00 00 
              00 00 00 
              00 00 00 
              00 00 00 
              00 00 00 
              00 00 00 
              00 00 00 
              00 00 00 
              00 00 00 
              00 00 00 
              00 00 00 
              00 00 00 
              00 00 00 
              00 00 00 
              00 00 00 
              00 00 00 
              00 00 00 
              00 00 00 
              00 00 00 
              00 00 00 
              00 00 00 
              00 00 00 
              00 00 00 
              00 00 00 
              00 00 00 



ARM Macro Assembler    Page 15 


              00 00 00 
              00 00 00 
              00 00 00 
              00 00 00 
              00 00 00 
              00 00 00 
              00 00 00 
              00 00 00 
              00 00 00 
              00 00 00 
              00 00 00 
              00 00 00 
              00 00 00 
              00 00 00 
              00 00 00 
              00 00 00 
              00 00 00 
              00 00 00 
              00 00 00 
              00 00 00 
              00 00 00 
              00 00 00 
              00 00 00 
              00 00 00 
              00 00 00 
              00 00 00 
              00 00 00 
              00 00 00 
              00 00 00 
              00 00 00 
              00 00 00 
              00 00 00 
              00 00 00 
              00 00 00 
              00 00 00 
              00 00 00 
              00 00 00 
              00 00 00 
              00 00 00 
              00 00 00 
              00 00 00 
              00 00 00 
              00 00 00 
              00 00 00 
              00 00 00 
              00 00 00 
              00 00 00 
              00 00 00 
              00 00 00 
              00 00 00 
              00 00 00 
              00 00 00 
              00 00 00 
              00 00 00 
              00 00 00 
              00 00 00 
              00 00 00 
              00 00 00 
              00 00 00 



ARM Macro Assembler    Page 16 


              00 00 00 
              00 00 00 
              00 00 00 
              00 00 00 
              00 00 00 
              00 00 00 
              00 00 00 
              00 00 00 
              00 00 00 
              00 00 00 
              00 00 00 
              00 00 00 
              00 00 00 
              00 00 00 
              00 00 00 
              00 00 00 
              00 00 00 
              00 00 00 
              00 00 00 
              00 00 00 
              00 00 00 
              00 00 00 
              00 00 00 
              00 00 00 
              00 00 00 
              00 00 00 
              00 00 00 
              00 00 00 
              00 00 00 
              00 00 00 
              00 00 00 
              00 00 00 
              00 00 00 
              00 00 00 
              00 00 00 
              00 00 00 
              00 00 00 
              00 00 00 
              00 00 00 
              00 00 00 
              00 00 00 
              00 00 00 
              00 00 00 
              00 00 00 
              00 00 00 
              00 00 00 
              00 00 00 
              00 00 00 
              00 00 00 
              00 00 00 
              00 00 00 
              00 00 00 
              00 00 00 
              00 00 00 
              00 00 00 
              00 00 00 
              00 00 00 
              00 00 00 
              00 00 00 



ARM Macro Assembler    Page 17 


              00 00 00 
              00 00 00 
              00 00 00 
              00 00 00 
              00 00 00 
              00 00 00 
              00 00 00 
              00 00 00 
              00 00 00 
              00 00 00 
              00 00 00 
              00 00 00 
              00 00 00 
              00 00 00 
              00 00 00 
              00 00 00 
              00 00 00 
              00 00 00 
              00 00 00 
              00 00 00 
              00 00 00 
              00 00 00 
              00 00 00 
              00 00 00 
              00 00 00 
              00 00 00 
              00 00 00 
              00 00 00 
              00 00 00 
              00 00 00 
              00 00 00 
              00 00 00 
              00 00 00 
              00 00 00 
              00 00 00 
              00 00 00 
              00 00 00 
              00 00 00 
              00 00 00 
              00 00 00 
              00 00 00 
              00 00 00 
              00 00 00 
              00 00 00 
              00 00 00 
              00 00 00 
              00 00 00 
              00 00 00 
              00 00 00 
              00 00 00 
              00 00 00 
              00 00 00 
              00 00 00 
              00 00 00 
              00 00 00 
              00 00 00 
              00 00 00 
              00 00 00 
              00 00 00 



ARM Macro Assembler    Page 18 


              00 00 00 
              00 00 00 
              00 00 00 
              00 00 00 
              00 00 00 
              00 00 00 
              00 00 00 
              00 00 00 
              00 00 00 
              00 00 00 
              00 00 00 
              00 00 00 
              00 00 00 
              00 00 00 
              00 00 00 
              00 00 00 
              00 00 00 
              00 00 00 
              00 00 00 
              00 00 00 
              00 00 00 
              00 00 00 
              00 00 00 
              00 00 00 
              00 00 00 
              00 00 00 
              00 00 00 
              00 00 00 
              00 00 00 
              00 00 00 
              00 00 00 
              00 00 00 
              00 00 00 
              00 00 00 
              00 00 00 
              00 00 00 
              00 00 00 
              00 00 00 
              00 00 00 
              00 00 00 
              00 00 00 
              00 00 00 
              00 00 00 
              00 00 00 
              00 00 00 
              00 00 00 
              00 00 00 
              00 00 00 
              00 00 00 
              00 00 00 
              00 00 00 
              00 00 00 
              00 00 00 
              00 00 00 
              00 00 00 
              00 00 00 
              00 00 00 
              00 00 00 
              00 00 00 



ARM Macro Assembler    Page 19 


              00 00 00 
              00 00 00 
              00 00 00 
              00 00 00 
              00 00 00 
              00 00 00 
              00 00 00 
              00 00 00 
              00 00 00 
              00 00 00 
              00 00 00 
              00 00 00 
              00 00 00 
              00 00 00 
              00 00 00 
              00 00 00 
              00 00 00 
              00 00 00 
              00 00 00 
              00 00 00 
              00 00 00 
              00 00 00 
              00 00 00 
              00 00 00 
              00 00 00 
              00 00 00 
              00 00 00 
              00 00 00 
              00 00 00 
              00 00 00 
              00 00 00 
              00 00 00 
              00 00 00 
              00 00 00 
              00 00 00 
              00 00 00 
              00 00 00 
              00 00 00 
              00 00 00 
              00 00 00 
              00 00 00 
              00 00 00 
              00 00 00 
              00 00 00 
              00 00 00 
              00 00 00 
              00 00 00 
              00 00 00 
              00 00 00 
              00 00 00 
              00 00 00 
              00 00 00 
              00 00 00 
              00 00 00 
              00 00 00 
              00 00 00 
              00 00 00 
              00 00 00 
              00 00 00 



ARM Macro Assembler    Page 20 


              00 00 00 
              00 00 00 
              00 00 00 
              00 00 00 
              00 00 00 
              00 00 00 
              00 00 00 
              00 00 00 
              00 00 00 
              00 00 00 
              00 00 00 
              00 00 00 
              00 00 00 
              00 00 00 
              00 00 00 
              00 00 00 
              00 00 00 
              00 00 00 
              00 00 00 
              00 00 00 
              00 00 00 
              00 00 00 
              00 00 00 
              00 00 00 
              00 00 00 
              00 00 00 
              00 00 00 
              00 00 00 
              00 00 00 
              00 00 00 
              00 00 00 
              00 00 00 
              00 00 00 
              00 00 00 
              00 00 00 
              00 00 00 
              00 00 00 
              00 00 00 
              00 00 00 
              00 00 00 
              00 00 00 
              00 00 00 
              00 00 00 
              00 00 00 
              00 00 00 
              00 00 00 
              00 00 00 
              00 00 00 
              00 00 00 
              00 00 00 
              00 00 00 
              00 00 00 
              00 00 00 
              00 00 00 
              00 00 00 
              00 00 00 
              00 00 00 
              00 00 00 
              00 00 00 



ARM Macro Assembler    Page 21 


              00 00 00 
              00 00 00 
              00 00 00 
              00 00 00 
              00 00 00 
              00 00 00 
              00 00 00 
              00 00 00 
              00 00 00 
              00 00 00 
              00 00 00 
              00 00 00 
              00 00 00 
              00 00 00 
              00 00 00 
              00 00 00 
              00 00 00 
              00 00 00 
              00 00 00 
              00 00 00 
              00 00 00 
              00 00 00 
              00 00 00 
              00 00 00 
              00 00 00 
              00 00 00 
              00 00 00 
              00 00 00 
              00 00 00 
              00 00 00 
              00 00 00 
              00 00 00 
              00 00 00 
              00 00 00 
              00 00 00 
              00 00 00 
              00 00 00 
              00 00 00 
              00 00 00 
              00 00 00 
              00 00 00 
              00 00 00 
              00 00 00 
              00 00 00 
              00 00 00 
              00 00 00 
              00 00 00 
              00 00 00 
              00 00 00 
              00 00 00 
              00 00 00 
              00 00 00 
              00 00 00 
              00 00 00 
              00 00 00 
              00 00 00 
              00 00 00 
              00 00 00 
              00 00 00 



ARM Macro Assembler    Page 22 


              00 00 00 
              00 00 00 
              00 00 00 
              00 00 00 
              00 00 00 
              00 00 00 
              00 00 00 
              00 00 00 
              00 00 00 
              00 00 00 
              00 00 00 
              00 00 00 
              00 00 00 
              00 00 00 
              00 00 00 
              00 00 00 
              00 00 00 
              00 00 00 
              00 00 00 
              00 00 00 
              00 00 00 
              00 00 00 
              00 00 00 
              00 00 00 
              00 00 00 
              00 00 00 
              00 00 00 
              00 00 00 
              00 00 00 
              00 00 00 
              00 00 00 
              00 00 00 
              00 00 00 
              00 00 00 
              00 00 00 
              00 00 00 
              00 00 00 
              00 00 00 
              00 00 00 
              00 00 00 
              00 00 00 
              00 00 00 
              00 00 00 
              00 00 00 
              00 00 00 
              00 00 00 
              00 00 00 
              00 00 00 
              00 00 00 
              00 00 00 
              00 00 00 
              00 00 00 
              00 00 00 
              00 00 00 
              00 00 00 
              00 00 00 
              00 00 00 
              00 00 00 
              00 00 00 



ARM Macro Assembler    Page 23 


              00 00 00 
              00 00 00 
              00 00 00 
              00 00 00 
              00 00 00 
              00 00 00 
              00 00 00 
              00 00 00 
              00 00 00 
              00 00 00 
              00 00 00 
              00 00 00 
              00 00 00 
              00 00 00 
              00 00 00 
              00 00 00 
              00 00 00 
              00 00 00 
              00 00 00 
              00 00 00 
              00 00 00 
              00 00 00 
              00 00 00 
              00 00 00 
              00 00 00 
              00 00 00 
              00 00 00 
              00 00 00 
              00 00 00 
              00 00 00 
              00 00 00 
              00 00 00 
              00 00 00 
              00 00 00 
              00 00 00 
              00 00 00 
              00 00 00 
              00 00 00 
              00 00 00 
              00 00 00 
              00 00 00 
              00 00 00 
              00 00 00 
              00 00 00 
              00 00 00 
              00 00 00 
              00 00 00 
              00 00 00 
              00 00 00 
              00 00 00 
              00 00 00 
              00 00 00 
              00 00 00 
              00 00 00 
              00 00 00 
              00 00 00 
              00 00 00 
              00 00 00 
              00 00 00 



ARM Macro Assembler    Page 24 


              00 00 00 
              00 00 00 
              00 00 00 
              00 00 00 
              00 00 00 
              00 00 00 
              00 00 00 
              00 00 00 
              00 00 00 
              00 00 00 
              00 00 00 
              00 00 00 
              00 00 00 
              00 00 00 
              00 00 00 
              00 00 00 
              00 00 00 
              00 00 00 
              00 00 00 
              00 00 00 
              00 00 00 
              00 00 00 
              00 00 00 
              00 00 00 
              00 00 00 
              00 00 00 
              00 00 00 
              00 00 00 
              00 00 00 
              00 00 00 
              00 00 00 
              00 00 00 
              00 00 00 
              00 00 00 
              00 00 00 
              00 00 00 
              00 00 00 
              00 00 00 
              00 00 00 
              00 00 00 
              00 00 00 
              00 00 00 
              00 00 00 
              00 00 00 
              00 00 00 
              00 00 00 
              00 00 00 
              00 00 00 
              00 00 00 
              00 00 00 
              00 00 00 
              00 00 00 
              00 00 00 
              00 00 00 
              00 00 00 
              00 00 00 
              00 00 00 
              00 00 00 
              00 00 00 



ARM Macro Assembler    Page 25 


              00 00 00 
              00 00 00 
              00 00 00 
              00 00 00 
              00 00 00 
              00 00 00 
              00 00 00 
              00 00 00 
              00 00 00 
              00 00 00 
              00 00 00 
              00 00 00 
              00 00 00 
              00 00 00 
              00 00 00 
              00 00 00 
              00 00 00 
              00 00 00 
              00 00 00 
              00 00 00 
              00 00 00 
              00 00 00 
              00 00 00 
              00 00 00 
              00 00 00 
              00 00 00 
              00 00 00 
              00 00 00 
              00 00 00 
              00 00 00 
              00 00 00 
              00 00 00 
              00 00 00 
              00 00 00 
              00 00 00 
              00 00 00 
              00 00 00 
              00 00 00 
              00 00 00 
              00 00 00 
              00 00 00 
              00 00 00 
              00 00 00 
              00 00 00 
              00 00 00 
              00 00 00 
              00 00 00 
              00 00 00 
              00 00 00 
              00 00 00 
              00 00 00 
              00 00 00 
              00 00 00 
              00 00 00 
              00 00 00 
              00 00 00 
              00 00 00 
              00 00 00 
              00 00 00 



ARM Macro Assembler    Page 26 


              00 00 00 
              00 00 00 
              00 00 00 
              00 00 00 
              00 00 00 
              00 00 00 
              00 00 00 
              00 00 00 
              00 00 00 
              00 00 00 
              00 00 00 
              00 00 00 
              00 00 00 
              00 00 00 
              00 00 00 
              00 00 00 
              00 00 00 
              00 00 00 
              00 00 00 
              00 00 00 
              00 00 00 
              00 00 00 
              00 00 00 
              00 00 00 
              00 00 00 
              00 00 00 
              00 00 00 
              00 00 00 
              00 00 00 
              00 00 00 
              00 00 00 
              00 00 00 
              00 00 00 
              00 00 00 
              00 00 00 
              00 00 00 
              00 00 00 
              00 00 00 
              00 00 00 
              00 00 00 
              00 00 00 
              00 00 00 
              00 00 00 
              00 00 00 
              00 00 00 
              00 00 00 
              00 00 00 
              00 00 00 
              00 00 00 
              00 00 00 
              00 00 00 
              00 00 00 
              00 00 00 
              00 00 00 
              00 00 00 
              00 00 00 
              00 00 00 
              00 00 00 
              00 00 00 



ARM Macro Assembler    Page 27 


              00 00 00 
              00 00 00 
              00 00 00 
              00 00 00 
              00 00 00 
              00 00 00 
              00 00 00 
              00 00 00 
              00 00 00 
              00 00 00 
              00 00 00 
              00 00 00 
              00 00 00 
              00 00 00 
              00 00 00 
              00 00 00 
              00 00 00 
              00 00 00 
              00 00 00 
              00 00 00 
              00 00 00 
              00 00 00 
              00 00 00 
              00 00 00 
              00 00 00 
              00 00 00 
              00 00 00 
              00 00 00 
              00 00 00 
              00 00 00 
              00 00 00 
              00 00 00 
              00 00 00 
              00 00 00 
              00 00 00 
              00 00 00 
              00 00 00 
              00 00 00 
              00 00 00 
              00 00 00 
              00 00 00 
              00 00 00 
              00 00 00 
              00 00 00 
              00 00 00 
              00 00 00 
              00 00 00 
              00 00 00 
              00 00 00 
              00 00 00 
              00 00 00 
              00 00 00 
              00 00 00 
              00 00 00 
              00 00 00 
              00 00 00 
              00 00 00 
              00 00 00 
              00 00 00 



ARM Macro Assembler    Page 28 


              00 00 00 
              00 00 00 
              00 00 00 
              00 00 00 
              00 00 00 
              00 00 00 
              00 00 00 
              00 00 00 
              00 00 00 
              00 00 00 
              00 00 00 
              00 00 00 
              00 00 00 
              00 00 00 
              00 00 00 
              00       padd    SPACE            4096
  173 00001068                 ALIGN            2
  174 00001068 01 02 03 
              04 05 06 
              07       Days    DCB              0x01, 0x02, 0x03, 0x04, 0x05, 0
x06, 0x07
  175 0000106F         
  176 0000106F 00 00000006 
              00000514 
              00000003 
              000006A4 
              00000002 
              000004B0 
              00000004 
              0000076C Calories_food
                               DCD              0x06, 1300, 0x03, 1700, 0x02, 1
200, 0x04, 1900
  177 00001090 00000005 
              00000456 
              00000001 
              00000686 
              00000007 
              000003E8         DCD              0x05, 1110, 0x01, 1670, 0x07, 1
000
  178 000010A8         
  179 000010A8 00000002 
              000001F4 
              00000005 
              00000320 
              00000006 
              00000190 Calories_sport
                               DCD              0x02, 500, 0x05, 800, 0x06, 400
  180 000010C0         
  181 000010C0 07      Num_days
                               DCB              7
  182 000010C1 03      Num_days_sport
                               DCB              3
  183 000010C2         
  184 000010C2         
  185 000010C2         ; Dummy Exception Handlers (infinite loops which can be 
                       modified)
  186 000010C2         
  187 000010C2         NMI_Handler
                               PROC



ARM Macro Assembler    Page 29 


  188 000010C2                 EXPORT           NMI_Handler               [WEAK
]
  189 000010C2 E7FE            B                .
  190 000010C4                 ENDP
  192 000010C4         HardFault_Handler
                               PROC
  193 000010C4                 EXPORT           HardFault_Handler         [WEAK
]
  194 000010C4         ; your code
  195 000010C4 F040 0001       orr              r0,r0,#1
  196 000010C8 4700            BX               r0
  197 000010CA                 ENDP
  199 000010CA         MemManage_Handler
                               PROC
  200 000010CA                 EXPORT           MemManage_Handler         [WEAK
]
  201 000010CA E7FE            B                .
  202 000010CC                 ENDP
  204 000010CC         BusFault_Handler
                               PROC
  205 000010CC                 EXPORT           BusFault_Handler          [WEAK
]
  206 000010CC E7FE            B                .
  207 000010CE                 ENDP
  209 000010CE         UsageFault_Handler
                               PROC
  210 000010CE                 EXPORT           UsageFault_Handler        [WEAK
]
  211 000010CE E7FE            B                .
  212 000010D0                 ENDP
  213 000010D0         SVC_Handler
                               PROC
  214 000010D0                 EXPORT           SVC_Handler               [WEAK
]
  215 000010D0 E7FE            B                .
  216 000010D2                 ENDP
  218 000010D2         DebugMon_Handler
                               PROC
  219 000010D2                 EXPORT           DebugMon_Handler          [WEAK
]
  220 000010D2 E7FE            B                .
  221 000010D4                 ENDP
  222 000010D4         PendSV_Handler
                               PROC
  223 000010D4                 EXPORT           PendSV_Handler            [WEAK
]
  224 000010D4 E7FE            B                .
  225 000010D6                 ENDP
  226 000010D6         SysTick_Handler
                               PROC
  227 000010D6                 EXPORT           SysTick_Handler           [WEAK
]
  228 000010D6 E7FE            B                .
  229 000010D8                 ENDP
  230 000010D8         
  231 000010D8         Default_Handler
                               PROC
  232 000010D8         
  233 000010D8                 EXPORT           WDT_IRQHandler            [WEAK



ARM Macro Assembler    Page 30 


]
  234 000010D8                 EXPORT           TIMER0_IRQHandler         [WEAK
]
  235 000010D8                 EXPORT           TIMER1_IRQHandler         [WEAK
]
  236 000010D8                 EXPORT           TIMER2_IRQHandler         [WEAK
]
  237 000010D8                 EXPORT           TIMER3_IRQHandler         [WEAK
]
  238 000010D8                 EXPORT           UART0_IRQHandler          [WEAK
]
  239 000010D8                 EXPORT           UART1_IRQHandler          [WEAK
]
  240 000010D8                 EXPORT           UART2_IRQHandler          [WEAK
]
  241 000010D8                 EXPORT           UART3_IRQHandler          [WEAK
]
  242 000010D8                 EXPORT           PWM1_IRQHandler           [WEAK
]
  243 000010D8                 EXPORT           I2C0_IRQHandler           [WEAK
]
  244 000010D8                 EXPORT           I2C1_IRQHandler           [WEAK
]
  245 000010D8                 EXPORT           I2C2_IRQHandler           [WEAK
]
  246 000010D8                 EXPORT           SPI_IRQHandler            [WEAK
]
  247 000010D8                 EXPORT           SSP0_IRQHandler           [WEAK
]
  248 000010D8                 EXPORT           SSP1_IRQHandler           [WEAK
]
  249 000010D8                 EXPORT           PLL0_IRQHandler           [WEAK
]
  250 000010D8                 EXPORT           RTC_IRQHandler            [WEAK
]
  251 000010D8                 EXPORT           EINT0_IRQHandler          [WEAK
]
  252 000010D8                 EXPORT           EINT1_IRQHandler          [WEAK
]
  253 000010D8                 EXPORT           EINT2_IRQHandler          [WEAK
]
  254 000010D8                 EXPORT           EINT3_IRQHandler          [WEAK
]
  255 000010D8                 EXPORT           ADC_IRQHandler            [WEAK
]
  256 000010D8                 EXPORT           BOD_IRQHandler            [WEAK
]
  257 000010D8                 EXPORT           USB_IRQHandler            [WEAK
]
  258 000010D8                 EXPORT           CAN_IRQHandler            [WEAK
]
  259 000010D8                 EXPORT           DMA_IRQHandler            [WEAK
]
  260 000010D8                 EXPORT           I2S_IRQHandler            [WEAK
]
  261 000010D8                 EXPORT           ENET_IRQHandler           [WEAK
]
  262 000010D8                 EXPORT           RIT_IRQHandler            [WEAK
]



ARM Macro Assembler    Page 31 


  263 000010D8                 EXPORT           MCPWM_IRQHandler          [WEAK
]
  264 000010D8                 EXPORT           QEI_IRQHandler            [WEAK
]
  265 000010D8                 EXPORT           PLL1_IRQHandler           [WEAK
]
  266 000010D8                 EXPORT           USBActivity_IRQHandler    [WEAK
]
  267 000010D8                 EXPORT           CANActivity_IRQHandler    [WEAK
]
  268 000010D8         
  269 000010D8         WDT_IRQHandler
  270 000010D8         TIMER0_IRQHandler
  271 000010D8         TIMER1_IRQHandler
  272 000010D8         TIMER2_IRQHandler
  273 000010D8         TIMER3_IRQHandler
  274 000010D8         UART0_IRQHandler
  275 000010D8         UART1_IRQHandler
  276 000010D8         UART2_IRQHandler
  277 000010D8         UART3_IRQHandler
  278 000010D8         PWM1_IRQHandler
  279 000010D8         I2C0_IRQHandler
  280 000010D8         I2C1_IRQHandler
  281 000010D8         I2C2_IRQHandler
  282 000010D8         SPI_IRQHandler
  283 000010D8         SSP0_IRQHandler
  284 000010D8         SSP1_IRQHandler
  285 000010D8         PLL0_IRQHandler
  286 000010D8         RTC_IRQHandler
  287 000010D8         EINT0_IRQHandler
  288 000010D8         EINT1_IRQHandler
  289 000010D8         EINT2_IRQHandler
  290 000010D8         EINT3_IRQHandler
  291 000010D8         ADC_IRQHandler
  292 000010D8         BOD_IRQHandler
  293 000010D8         USB_IRQHandler
  294 000010D8         CAN_IRQHandler
  295 000010D8         DMA_IRQHandler
  296 000010D8         I2S_IRQHandler
  297 000010D8         ENET_IRQHandler
  298 000010D8         RIT_IRQHandler
  299 000010D8         MCPWM_IRQHandler
  300 000010D8         QEI_IRQHandler
  301 000010D8         PLL1_IRQHandler
  302 000010D8         USBActivity_IRQHandler
  303 000010D8         CANActivity_IRQHandler
  304 000010D8         
  305 000010D8 E7FE            B                .
  306 000010DA         
  307 000010DA                 ENDP
  308 000010DA         
  309 000010DA         
  310 000010DA 00 00           ALIGN
  311 000010DC         
  312 000010DC         
  313 000010DC         ; User Initial Stack & Heap
  314 000010DC         
  315 000010DC                 EXPORT           __initial_sp
  316 000010DC                 EXPORT           __heap_base



ARM Macro Assembler    Page 32 


  317 000010DC                 EXPORT           __heap_limit
  318 000010DC         
  319 000010DC                 END
Command Line: --debug --xref --diag_suppress=9931 --cpu=Cortex-M3 --apcs=interw
ork --depend=.\startup.d -o.\startup.o -I.\RTE\_Target_1 -IC:\Users\Lisa\AppDat
a\Local\Arm\Packs\ARM\CMSIS\5.8.0\CMSIS\Core\Include -IC:\Users\Lisa\AppData\Lo
cal\Arm\Packs\Keil\LPC1700_DFP\2.7.0\Device\Include --predefine="__EVAL SETA 1"
 --predefine="__UVISION_VERSION SETA 536" --predefine="_RTE_ SETA 1" --predefin
e="LPC175x_6x SETA 1" --predefine="_RTE_ SETA 1" --list=.\startup.lst startup.s



ARM Macro Assembler    Page 1 Alphabetic symbol ordering
Relocatable symbols

STACK 00000000

Symbol: STACK
   Definitions
      At line 33 in file startup.s
   Uses
      None
Comment: STACK unused
Stack_Mem 00000000

Symbol: Stack_Mem
   Definitions
      At line 34 in file startup.s
   Uses
      None
Comment: Stack_Mem unused
__initial_sp 00000200

Symbol: __initial_sp
   Definitions
      At line 35 in file startup.s
   Uses
      At line 59 in file startup.s
      At line 315 in file startup.s

3 symbols



ARM Macro Assembler    Page 1 Alphabetic symbol ordering
Relocatable symbols

HEAP 00000000

Symbol: HEAP
   Definitions
      At line 44 in file startup.s
   Uses
      None
Comment: HEAP unused
Heap_Mem 00000000

Symbol: Heap_Mem
   Definitions
      At line 46 in file startup.s
   Uses
      None
Comment: Heap_Mem unused
__heap_base 00000000

Symbol: __heap_base
   Definitions
      At line 45 in file startup.s
   Uses
      At line 316 in file startup.s
Comment: __heap_base used once
__heap_limit 00000200

Symbol: __heap_limit
   Definitions
      At line 47 in file startup.s
   Uses
      At line 317 in file startup.s
Comment: __heap_limit used once
4 symbols



ARM Macro Assembler    Page 1 Alphabetic symbol ordering
Relocatable symbols

RESET 00000000

Symbol: RESET
   Definitions
      At line 56 in file startup.s
   Uses
      None
Comment: RESET unused
__Vectors 00000000

Symbol: __Vectors
   Definitions
      At line 59 in file startup.s
   Uses
      At line 57 in file startup.s
Comment: __Vectors used once
2 symbols



ARM Macro Assembler    Page 1 Alphabetic symbol ordering
Relocatable symbols

.ARM.__at_0x02FC 00000000

Symbol: .ARM.__at_0x02FC
   Definitions
      At line 115 in file startup.s
   Uses
      None
Comment: .ARM.__at_0x02FC unused
CRP_Key 00000000

Symbol: CRP_Key
   Definitions
      At line 116 in file startup.s
   Uses
      None
Comment: CRP_Key unused
2 symbols



ARM Macro Assembler    Page 1 Alphabetic symbol ordering
Relocatable symbols

.text 00000000

Symbol: .text
   Definitions
      At line 122 in file startup.s
   Uses
      None
Comment: .text unused
ADC_IRQHandler 000010D8

Symbol: ADC_IRQHandler
   Definitions
      At line 291 in file startup.s
   Uses
      At line 99 in file startup.s
      At line 255 in file startup.s

BOD_IRQHandler 000010D8

Symbol: BOD_IRQHandler
   Definitions
      At line 292 in file startup.s
   Uses
      At line 100 in file startup.s
      At line 256 in file startup.s

BusFault_Handler 000010CC

Symbol: BusFault_Handler
   Definitions
      At line 204 in file startup.s
   Uses
      At line 64 in file startup.s
      At line 205 in file startup.s

CANActivity_IRQHandler 000010D8

Symbol: CANActivity_IRQHandler
   Definitions
      At line 303 in file startup.s
   Uses
      At line 111 in file startup.s
      At line 267 in file startup.s

CAN_IRQHandler 000010D8

Symbol: CAN_IRQHandler
   Definitions
      At line 294 in file startup.s
   Uses
      At line 102 in file startup.s
      At line 258 in file startup.s

Calories_food 00001070

Symbol: Calories_food
   Definitions
      At line 176 in file startup.s
   Uses



ARM Macro Assembler    Page 2 Alphabetic symbol ordering
Relocatable symbols

      At line 128 in file startup.s
Comment: Calories_food used once
Calories_sport 000010A8

Symbol: Calories_sport
   Definitions
      At line 179 in file startup.s
   Uses
      At line 129 in file startup.s
Comment: Calories_sport used once
DMA_IRQHandler 000010D8

Symbol: DMA_IRQHandler
   Definitions
      At line 295 in file startup.s
   Uses
      At line 103 in file startup.s
      At line 259 in file startup.s

Days 00001068

Symbol: Days
   Definitions
      At line 174 in file startup.s
   Uses
      None
Comment: Days unused
DebugMon_Handler 000010D2

Symbol: DebugMon_Handler
   Definitions
      At line 218 in file startup.s
   Uses
      At line 71 in file startup.s
      At line 219 in file startup.s

Default_Handler 000010D8

Symbol: Default_Handler
   Definitions
      At line 231 in file startup.s
   Uses
      None
Comment: Default_Handler unused
EINT0_IRQHandler 000010D8

Symbol: EINT0_IRQHandler
   Definitions
      At line 287 in file startup.s
   Uses
      At line 95 in file startup.s
      At line 251 in file startup.s

EINT1_IRQHandler 000010D8

Symbol: EINT1_IRQHandler
   Definitions
      At line 288 in file startup.s
   Uses



ARM Macro Assembler    Page 3 Alphabetic symbol ordering
Relocatable symbols

      At line 96 in file startup.s
      At line 252 in file startup.s

EINT2_IRQHandler 000010D8

Symbol: EINT2_IRQHandler
   Definitions
      At line 289 in file startup.s
   Uses
      At line 97 in file startup.s
      At line 253 in file startup.s

EINT3_IRQHandler 000010D8

Symbol: EINT3_IRQHandler
   Definitions
      At line 290 in file startup.s
   Uses
      At line 98 in file startup.s
      At line 254 in file startup.s

ENET_IRQHandler 000010D8

Symbol: ENET_IRQHandler
   Definitions
      At line 297 in file startup.s
   Uses
      At line 105 in file startup.s
      At line 261 in file startup.s

HardFault_Handler 000010C4

Symbol: HardFault_Handler
   Definitions
      At line 192 in file startup.s
   Uses
      At line 62 in file startup.s
      At line 193 in file startup.s

I2C0_IRQHandler 000010D8

Symbol: I2C0_IRQHandler
   Definitions
      At line 279 in file startup.s
   Uses
      At line 87 in file startup.s
      At line 243 in file startup.s

I2C1_IRQHandler 000010D8

Symbol: I2C1_IRQHandler
   Definitions
      At line 280 in file startup.s
   Uses
      At line 88 in file startup.s
      At line 244 in file startup.s

I2C2_IRQHandler 000010D8




ARM Macro Assembler    Page 4 Alphabetic symbol ordering
Relocatable symbols

Symbol: I2C2_IRQHandler
   Definitions
      At line 281 in file startup.s
   Uses
      At line 89 in file startup.s
      At line 245 in file startup.s

I2S_IRQHandler 000010D8

Symbol: I2S_IRQHandler
   Definitions
      At line 296 in file startup.s
   Uses
      At line 104 in file startup.s
      At line 260 in file startup.s

MCPWM_IRQHandler 000010D8

Symbol: MCPWM_IRQHandler
   Definitions
      At line 299 in file startup.s
   Uses
      At line 107 in file startup.s
      At line 263 in file startup.s

MemManage_Handler 000010CA

Symbol: MemManage_Handler
   Definitions
      At line 199 in file startup.s
   Uses
      At line 63 in file startup.s
      At line 200 in file startup.s

NMI_Handler 000010C2

Symbol: NMI_Handler
   Definitions
      At line 187 in file startup.s
   Uses
      At line 61 in file startup.s
      At line 188 in file startup.s

Num_days 000010C0

Symbol: Num_days
   Definitions
      At line 181 in file startup.s
   Uses
      At line 130 in file startup.s
Comment: Num_days used once
Num_days_sport 000010C1

Symbol: Num_days_sport
   Definitions
      At line 182 in file startup.s
   Uses
      At line 131 in file startup.s
Comment: Num_days_sport used once



ARM Macro Assembler    Page 5 Alphabetic symbol ordering
Relocatable symbols

PLL0_IRQHandler 000010D8

Symbol: PLL0_IRQHandler
   Definitions
      At line 285 in file startup.s
   Uses
      At line 93 in file startup.s
      At line 249 in file startup.s

PLL1_IRQHandler 000010D8

Symbol: PLL1_IRQHandler
   Definitions
      At line 301 in file startup.s
   Uses
      At line 109 in file startup.s
      At line 265 in file startup.s

PWM1_IRQHandler 000010D8

Symbol: PWM1_IRQHandler
   Definitions
      At line 278 in file startup.s
   Uses
      At line 86 in file startup.s
      At line 242 in file startup.s

PendSV_Handler 000010D4

Symbol: PendSV_Handler
   Definitions
      At line 222 in file startup.s
   Uses
      At line 73 in file startup.s
      At line 223 in file startup.s

QEI_IRQHandler 000010D8

Symbol: QEI_IRQHandler
   Definitions
      At line 300 in file startup.s
   Uses
      At line 108 in file startup.s
      At line 264 in file startup.s

RIT_IRQHandler 000010D8

Symbol: RIT_IRQHandler
   Definitions
      At line 298 in file startup.s
   Uses
      At line 106 in file startup.s
      At line 262 in file startup.s

RTC_IRQHandler 000010D8

Symbol: RTC_IRQHandler
   Definitions
      At line 286 in file startup.s



ARM Macro Assembler    Page 6 Alphabetic symbol ordering
Relocatable symbols

   Uses
      At line 94 in file startup.s
      At line 250 in file startup.s

Reset_Handler 00000000

Symbol: Reset_Handler
   Definitions
      At line 125 in file startup.s
   Uses
      At line 60 in file startup.s
      At line 126 in file startup.s

SPI_IRQHandler 000010D8

Symbol: SPI_IRQHandler
   Definitions
      At line 282 in file startup.s
   Uses
      At line 90 in file startup.s
      At line 246 in file startup.s

SSP0_IRQHandler 000010D8

Symbol: SSP0_IRQHandler
   Definitions
      At line 283 in file startup.s
   Uses
      At line 91 in file startup.s
      At line 247 in file startup.s

SSP1_IRQHandler 000010D8

Symbol: SSP1_IRQHandler
   Definitions
      At line 284 in file startup.s
   Uses
      At line 92 in file startup.s
      At line 248 in file startup.s

SVC_Handler 000010D0

Symbol: SVC_Handler
   Definitions
      At line 213 in file startup.s
   Uses
      At line 70 in file startup.s
      At line 214 in file startup.s

SysTick_Handler 000010D6

Symbol: SysTick_Handler
   Definitions
      At line 226 in file startup.s
   Uses
      At line 74 in file startup.s
      At line 227 in file startup.s

TIMER0_IRQHandler 000010D8



ARM Macro Assembler    Page 7 Alphabetic symbol ordering
Relocatable symbols


Symbol: TIMER0_IRQHandler
   Definitions
      At line 270 in file startup.s
   Uses
      At line 78 in file startup.s
      At line 234 in file startup.s

TIMER1_IRQHandler 000010D8

Symbol: TIMER1_IRQHandler
   Definitions
      At line 271 in file startup.s
   Uses
      At line 79 in file startup.s
      At line 235 in file startup.s

TIMER2_IRQHandler 000010D8

Symbol: TIMER2_IRQHandler
   Definitions
      At line 272 in file startup.s
   Uses
      At line 80 in file startup.s
      At line 236 in file startup.s

TIMER3_IRQHandler 000010D8

Symbol: TIMER3_IRQHandler
   Definitions
      At line 273 in file startup.s
   Uses
      At line 81 in file startup.s
      At line 237 in file startup.s

UART0_IRQHandler 000010D8

Symbol: UART0_IRQHandler
   Definitions
      At line 274 in file startup.s
   Uses
      At line 82 in file startup.s
      At line 238 in file startup.s

UART1_IRQHandler 000010D8

Symbol: UART1_IRQHandler
   Definitions
      At line 275 in file startup.s
   Uses
      At line 83 in file startup.s
      At line 239 in file startup.s

UART2_IRQHandler 000010D8

Symbol: UART2_IRQHandler
   Definitions
      At line 276 in file startup.s
   Uses



ARM Macro Assembler    Page 8 Alphabetic symbol ordering
Relocatable symbols

      At line 84 in file startup.s
      At line 240 in file startup.s

UART3_IRQHandler 000010D8

Symbol: UART3_IRQHandler
   Definitions
      At line 277 in file startup.s
   Uses
      At line 85 in file startup.s
      At line 241 in file startup.s

USBActivity_IRQHandler 000010D8

Symbol: USBActivity_IRQHandler
   Definitions
      At line 302 in file startup.s
   Uses
      At line 110 in file startup.s
      At line 266 in file startup.s

USB_IRQHandler 000010D8

Symbol: USB_IRQHandler
   Definitions
      At line 293 in file startup.s
   Uses
      At line 101 in file startup.s
      At line 257 in file startup.s

UsageFault_Handler 000010CE

Symbol: UsageFault_Handler
   Definitions
      At line 209 in file startup.s
   Uses
      At line 65 in file startup.s
      At line 210 in file startup.s

WDT_IRQHandler 000010D8

Symbol: WDT_IRQHandler
   Definitions
      At line 269 in file startup.s
   Uses
      At line 77 in file startup.s
      At line 233 in file startup.s

ciclo 00000030

Symbol: ciclo
   Definitions
      At line 150 in file startup.s
   Uses
      At line 160 in file startup.s
Comment: ciclo used once
init 0000001C

Symbol: init



ARM Macro Assembler    Page 9 Alphabetic symbol ordering
Relocatable symbols

   Definitions
      At line 141 in file startup.s
   Uses
      At line 159 in file startup.s
      At line 165 in file startup.s

padd 00000068

Symbol: padd
   Definitions
      At line 172 in file startup.s
   Uses
      None
Comment: padd unused
stop 00000056

Symbol: stop
   Definitions
      At line 168 in file startup.s
   Uses
      At line 143 in file startup.s
Comment: stop used once
uguali 00000046

Symbol: uguali
   Definitions
      At line 161 in file startup.s
   Uses
      At line 156 in file startup.s
Comment: uguali used once
57 symbols



ARM Macro Assembler    Page 1 Alphabetic symbol ordering
Absolute symbols

Heap_Size 00000200

Symbol: Heap_Size
   Definitions
      At line 42 in file startup.s
   Uses
      At line 46 in file startup.s
Comment: Heap_Size used once
Stack_Size 00000200

Symbol: Stack_Size
   Definitions
      At line 31 in file startup.s
   Uses
      At line 34 in file startup.s
Comment: Stack_Size used once
2 symbols
409 symbols in table
